2025-05-19 20:24:58,357 - logs.logger - INFO - Started Xen.exe...
2025-05-19 20:24:58,358 - logs.logger - ERROR - Error: ApplicationBuilder.token() missing 1 required positional argument: 'token'
2025-05-19 20:26:09,394 - logs.logger - INFO - Started Xen.exe...
2025-05-19 20:26:09,395 - logs.logger - ERROR - Error: ApplicationBuilder.token() missing 1 required positional argument: 'token'
2025-05-19 20:27:12,664 - logs.logger - INFO - Started Xen.exe...
2025-05-19 20:27:13,504 - logs.logger - ERROR - Error: 'TelegramBot' object has no attribute 'run_polling'
2025-05-19 20:27:45,290 - logs.logger - INFO - Started Xen.exe...
2025-05-19 20:27:45,858 - logs.logger - ERROR - Error: 'TelegramBot' object has no attribute 'run'
2025-05-19 20:29:30,127 - logs.logger - INFO - Started Xen.exe...
2025-05-19 20:29:32,126 - httpx - INFO - HTTP Request: POST https://api.telegram.org/bot7667262262:AAFYkfcdd8OZQskNYQPJ9KbVO8rGE3rvouI/getMe "HTTP/1.1 200 OK"
2025-05-19 20:29:32,407 - httpx - INFO - HTTP Request: POST https://api.telegram.org/bot7667262262:AAFYkfcdd8OZQskNYQPJ9KbVO8rGE3rvouI/deleteWebhook "HTTP/1.1 200 OK"
2025-05-19 20:29:32,419 - telegram.ext.Application - INFO - Application started
2025-05-19 20:29:43,531 - httpx - INFO - HTTP Request: POST https://api.telegram.org/bot7667262262:AAFYkfcdd8OZQskNYQPJ9KbVO8rGE3rvouI/getUpdates "HTTP/1.1 200 OK"
2025-05-19 20:29:50,911 - httpx - INFO - HTTP Request: POST https://api.telegram.org/bot7667262262:AAFYkfcdd8OZQskNYQPJ9KbVO8rGE3rvouI/getUpdates "HTTP/1.1 200 OK"
2025-05-19 20:29:52,329 - httpx - INFO - HTTP Request: POST https://api.telegram.org/bot7667262262:AAFYkfcdd8OZQskNYQPJ9KbVO8rGE3rvouI/sendMessage "HTTP/1.1 200 OK"
2025-05-19 20:30:01,221 - httpx - INFO - HTTP Request: POST https://api.telegram.org/bot7667262262:AAFYkfcdd8OZQskNYQPJ9KbVO8rGE3rvouI/getUpdates "HTTP/1.1 200 OK"
2025-05-19 20:30:11,516 - httpx - INFO - HTTP Request: POST https://api.telegram.org/bot7667262262:AAFYkfcdd8OZQskNYQPJ9KbVO8rGE3rvouI/getUpdates "HTTP/1.1 200 OK"
2025-05-19 20:30:21,770 - httpx - INFO - HTTP Request: POST https://api.telegram.org/bot7667262262:AAFYkfcdd8OZQskNYQPJ9KbVO8rGE3rvouI/getUpdates "HTTP/1.1 200 OK"
2025-05-19 20:30:23,090 - httpx - INFO - HTTP Request: POST https://api.telegram.org/bot7667262262:AAFYkfcdd8OZQskNYQPJ9KbVO8rGE3rvouI/sendMessage "HTTP/1.1 200 OK"
2025-05-19 20:30:32,743 - httpx - INFO - HTTP Request: POST https://api.telegram.org/bot7667262262:AAFYkfcdd8OZQskNYQPJ9KbVO8rGE3rvouI/getUpdates "HTTP/1.1 200 OK"
2025-05-19 20:30:32,776 - telegram.ext.Application - INFO - Application is stopping. This might take a moment.
2025-05-19 20:30:32,778 - telegram.ext.Application - INFO - Application.stop() complete
2025-05-19 20:30:39,611 - logs.logger - INFO - Started Xen.exe...
2025-05-19 20:30:41,629 - httpx - INFO - HTTP Request: POST https://api.telegram.org/bot7667262262:AAFYkfcdd8OZQskNYQPJ9KbVO8rGE3rvouI/getMe "HTTP/1.1 200 OK"
2025-05-19 20:30:41,901 - httpx - INFO - HTTP Request: POST https://api.telegram.org/bot7667262262:AAFYkfcdd8OZQskNYQPJ9KbVO8rGE3rvouI/deleteWebhook "HTTP/1.1 200 OK"
2025-05-19 20:30:41,909 - telegram.ext.Application - INFO - Application started
2025-05-19 20:30:44,820 - httpx - INFO - HTTP Request: POST https://api.telegram.org/bot7667262262:AAFYkfcdd8OZQskNYQPJ9KbVO8rGE3rvouI/getUpdates "HTTP/1.1 200 OK"
2025-05-19 20:30:45,509 - httpx - INFO - HTTP Request: POST https://api.telegram.org/bot7667262262:AAFYkfcdd8OZQskNYQPJ9KbVO8rGE3rvouI/sendMessage "HTTP/1.1 200 OK"
2025-05-19 20:30:55,345 - httpx - INFO - HTTP Request: POST https://api.telegram.org/bot7667262262:AAFYkfcdd8OZQskNYQPJ9KbVO8rGE3rvouI/getUpdates "HTTP/1.1 200 OK"
2025-05-19 20:31:05,816 - httpx - INFO - HTTP Request: POST https://api.telegram.org/bot7667262262:AAFYkfcdd8OZQskNYQPJ9KbVO8rGE3rvouI/getUpdates "HTTP/1.1 200 OK"
2025-05-19 20:31:12,681 - httpx - INFO - HTTP Request: POST https://api.telegram.org/bot7667262262:AAFYkfcdd8OZQskNYQPJ9KbVO8rGE3rvouI/getUpdates "HTTP/1.1 200 OK"
2025-05-19 20:31:12,687 - telegram.ext.Application - INFO - Application is stopping. This might take a moment.
2025-05-19 20:31:12,689 - telegram.ext.Application - INFO - Application.stop() complete
2025-05-19 20:31:17,037 - logs.logger - INFO - Started Xen.exe...
2025-05-19 20:31:18,748 - httpx - INFO - HTTP Request: POST https://api.telegram.org/bot7667262262:AAFYkfcdd8OZQskNYQPJ9KbVO8rGE3rvouI/getMe "HTTP/1.1 200 OK"
2025-05-19 20:31:19,016 - httpx - INFO - HTTP Request: POST https://api.telegram.org/bot7667262262:AAFYkfcdd8OZQskNYQPJ9KbVO8rGE3rvouI/deleteWebhook "HTTP/1.1 200 OK"
2025-05-19 20:31:19,026 - telegram.ext.Application - INFO - Application started
2025-05-19 20:31:21,453 - httpx - INFO - HTTP Request: POST https://api.telegram.org/bot7667262262:AAFYkfcdd8OZQskNYQPJ9KbVO8rGE3rvouI/getUpdates "HTTP/1.1 200 OK"
2025-05-19 20:31:22,159 - httpx - INFO - HTTP Request: POST https://api.telegram.org/bot7667262262:AAFYkfcdd8OZQskNYQPJ9KbVO8rGE3rvouI/sendMessage "HTTP/1.1 200 OK"
2025-05-19 20:31:31,972 - httpx - INFO - HTTP Request: POST https://api.telegram.org/bot7667262262:AAFYkfcdd8OZQskNYQPJ9KbVO8rGE3rvouI/getUpdates "HTTP/1.1 200 OK"
2025-05-19 20:31:42,425 - httpx - INFO - HTTP Request: POST https://api.telegram.org/bot7667262262:AAFYkfcdd8OZQskNYQPJ9KbVO8rGE3rvouI/getUpdates "HTTP/1.1 200 OK"
2025-05-19 20:31:52,707 - httpx - INFO - HTTP Request: POST https://api.telegram.org/bot7667262262:AAFYkfcdd8OZQskNYQPJ9KbVO8rGE3rvouI/getUpdates "HTTP/1.1 200 OK"
2025-05-19 20:32:02,989 - httpx - INFO - HTTP Request: POST https://api.telegram.org/bot7667262262:AAFYkfcdd8OZQskNYQPJ9KbVO8rGE3rvouI/getUpdates "HTTP/1.1 200 OK"
2025-05-19 20:32:13,467 - httpx - INFO - HTTP Request: POST https://api.telegram.org/bot7667262262:AAFYkfcdd8OZQskNYQPJ9KbVO8rGE3rvouI/getUpdates "HTTP/1.1 200 OK"
2025-05-19 20:32:23,738 - httpx - INFO - HTTP Request: POST https://api.telegram.org/bot7667262262:AAFYkfcdd8OZQskNYQPJ9KbVO8rGE3rvouI/getUpdates "HTTP/1.1 200 OK"
2025-05-19 20:32:34,039 - httpx - INFO - HTTP Request: POST https://api.telegram.org/bot7667262262:AAFYkfcdd8OZQskNYQPJ9KbVO8rGE3rvouI/getUpdates "HTTP/1.1 200 OK"
2025-05-19 20:32:44,505 - httpx - INFO - HTTP Request: POST https://api.telegram.org/bot7667262262:AAFYkfcdd8OZQskNYQPJ9KbVO8rGE3rvouI/getUpdates "HTTP/1.1 200 OK"
2025-05-19 20:32:54,801 - httpx - INFO - HTTP Request: POST https://api.telegram.org/bot7667262262:AAFYkfcdd8OZQskNYQPJ9KbVO8rGE3rvouI/getUpdates "HTTP/1.1 200 OK"
2025-05-19 20:33:05,073 - httpx - INFO - HTTP Request: POST https://api.telegram.org/bot7667262262:AAFYkfcdd8OZQskNYQPJ9KbVO8rGE3rvouI/getUpdates "HTTP/1.1 200 OK"
2025-05-19 20:33:15,348 - httpx - INFO - HTTP Request: POST https://api.telegram.org/bot7667262262:AAFYkfcdd8OZQskNYQPJ9KbVO8rGE3rvouI/getUpdates "HTTP/1.1 200 OK"
2025-05-19 20:33:25,631 - httpx - INFO - HTTP Request: POST https://api.telegram.org/bot7667262262:AAFYkfcdd8OZQskNYQPJ9KbVO8rGE3rvouI/getUpdates "HTTP/1.1 200 OK"
2025-05-19 20:33:36,094 - httpx - INFO - HTTP Request: POST https://api.telegram.org/bot7667262262:AAFYkfcdd8OZQskNYQPJ9KbVO8rGE3rvouI/getUpdates "HTTP/1.1 200 OK"
2025-05-19 20:33:46,559 - httpx - INFO - HTTP Request: POST https://api.telegram.org/bot7667262262:AAFYkfcdd8OZQskNYQPJ9KbVO8rGE3rvouI/getUpdates "HTTP/1.1 200 OK"
2025-05-19 20:33:56,805 - httpx - INFO - HTTP Request: POST https://api.telegram.org/bot7667262262:AAFYkfcdd8OZQskNYQPJ9KbVO8rGE3rvouI/getUpdates "HTTP/1.1 200 OK"
2025-05-19 20:34:07,081 - httpx - INFO - HTTP Request: POST https://api.telegram.org/bot7667262262:AAFYkfcdd8OZQskNYQPJ9KbVO8rGE3rvouI/getUpdates "HTTP/1.1 200 OK"
2025-05-19 20:34:17,334 - httpx - INFO - HTTP Request: POST https://api.telegram.org/bot7667262262:AAFYkfcdd8OZQskNYQPJ9KbVO8rGE3rvouI/getUpdates "HTTP/1.1 200 OK"
2025-05-19 20:34:27,795 - httpx - INFO - HTTP Request: POST https://api.telegram.org/bot7667262262:AAFYkfcdd8OZQskNYQPJ9KbVO8rGE3rvouI/getUpdates "HTTP/1.1 200 OK"
2025-05-19 20:34:38,066 - httpx - INFO - HTTP Request: POST https://api.telegram.org/bot7667262262:AAFYkfcdd8OZQskNYQPJ9KbVO8rGE3rvouI/getUpdates "HTTP/1.1 200 OK"
2025-05-19 20:34:48,335 - httpx - INFO - HTTP Request: POST https://api.telegram.org/bot7667262262:AAFYkfcdd8OZQskNYQPJ9KbVO8rGE3rvouI/getUpdates "HTTP/1.1 200 OK"
2025-05-19 20:34:58,580 - httpx - INFO - HTTP Request: POST https://api.telegram.org/bot7667262262:AAFYkfcdd8OZQskNYQPJ9KbVO8rGE3rvouI/getUpdates "HTTP/1.1 200 OK"
2025-05-19 20:35:09,040 - httpx - INFO - HTTP Request: POST https://api.telegram.org/bot7667262262:AAFYkfcdd8OZQskNYQPJ9KbVO8rGE3rvouI/getUpdates "HTTP/1.1 200 OK"
2025-05-19 20:35:19,505 - httpx - INFO - HTTP Request: POST https://api.telegram.org/bot7667262262:AAFYkfcdd8OZQskNYQPJ9KbVO8rGE3rvouI/getUpdates "HTTP/1.1 200 OK"
2025-05-19 20:35:29,968 - httpx - INFO - HTTP Request: POST https://api.telegram.org/bot7667262262:AAFYkfcdd8OZQskNYQPJ9KbVO8rGE3rvouI/getUpdates "HTTP/1.1 200 OK"
2025-05-19 20:35:40,226 - httpx - INFO - HTTP Request: POST https://api.telegram.org/bot7667262262:AAFYkfcdd8OZQskNYQPJ9KbVO8rGE3rvouI/getUpdates "HTTP/1.1 200 OK"
2025-05-19 20:35:50,685 - httpx - INFO - HTTP Request: POST https://api.telegram.org/bot7667262262:AAFYkfcdd8OZQskNYQPJ9KbVO8rGE3rvouI/getUpdates "HTTP/1.1 200 OK"
2025-05-19 20:36:01,156 - httpx - INFO - HTTP Request: POST https://api.telegram.org/bot7667262262:AAFYkfcdd8OZQskNYQPJ9KbVO8rGE3rvouI/getUpdates "HTTP/1.1 200 OK"
2025-05-19 20:36:11,626 - httpx - INFO - HTTP Request: POST https://api.telegram.org/bot7667262262:AAFYkfcdd8OZQskNYQPJ9KbVO8rGE3rvouI/getUpdates "HTTP/1.1 200 OK"
2025-05-19 20:36:22,086 - httpx - INFO - HTTP Request: POST https://api.telegram.org/bot7667262262:AAFYkfcdd8OZQskNYQPJ9KbVO8rGE3rvouI/getUpdates "HTTP/1.1 200 OK"
2025-05-19 20:36:32,376 - httpx - INFO - HTTP Request: POST https://api.telegram.org/bot7667262262:AAFYkfcdd8OZQskNYQPJ9KbVO8rGE3rvouI/getUpdates "HTTP/1.1 200 OK"
2025-05-19 20:36:42,833 - httpx - INFO - HTTP Request: POST https://api.telegram.org/bot7667262262:AAFYkfcdd8OZQskNYQPJ9KbVO8rGE3rvouI/getUpdates "HTTP/1.1 200 OK"
2025-05-19 20:36:53,105 - httpx - INFO - HTTP Request: POST https://api.telegram.org/bot7667262262:AAFYkfcdd8OZQskNYQPJ9KbVO8rGE3rvouI/getUpdates "HTTP/1.1 200 OK"
2025-05-19 20:37:03,368 - httpx - INFO - HTTP Request: POST https://api.telegram.org/bot7667262262:AAFYkfcdd8OZQskNYQPJ9KbVO8rGE3rvouI/getUpdates "HTTP/1.1 200 OK"
2025-05-19 20:37:13,685 - httpx - INFO - HTTP Request: POST https://api.telegram.org/bot7667262262:AAFYkfcdd8OZQskNYQPJ9KbVO8rGE3rvouI/getUpdates "HTTP/1.1 200 OK"
2025-05-19 20:37:23,953 - httpx - INFO - HTTP Request: POST https://api.telegram.org/bot7667262262:AAFYkfcdd8OZQskNYQPJ9KbVO8rGE3rvouI/getUpdates "HTTP/1.1 200 OK"
2025-05-19 20:37:34,224 - httpx - INFO - HTTP Request: POST https://api.telegram.org/bot7667262262:AAFYkfcdd8OZQskNYQPJ9KbVO8rGE3rvouI/getUpdates "HTTP/1.1 200 OK"
2025-05-19 20:37:44,684 - httpx - INFO - HTTP Request: POST https://api.telegram.org/bot7667262262:AAFYkfcdd8OZQskNYQPJ9KbVO8rGE3rvouI/getUpdates "HTTP/1.1 200 OK"
2025-05-19 20:37:54,953 - httpx - INFO - HTTP Request: POST https://api.telegram.org/bot7667262262:AAFYkfcdd8OZQskNYQPJ9KbVO8rGE3rvouI/getUpdates "HTTP/1.1 200 OK"
2025-05-19 20:38:05,218 - httpx - INFO - HTTP Request: POST https://api.telegram.org/bot7667262262:AAFYkfcdd8OZQskNYQPJ9KbVO8rGE3rvouI/getUpdates "HTTP/1.1 200 OK"
2025-05-19 20:38:15,688 - httpx - INFO - HTTP Request: POST https://api.telegram.org/bot7667262262:AAFYkfcdd8OZQskNYQPJ9KbVO8rGE3rvouI/getUpdates "HTTP/1.1 200 OK"
2025-05-19 20:38:25,930 - httpx - INFO - HTTP Request: POST https://api.telegram.org/bot7667262262:AAFYkfcdd8OZQskNYQPJ9KbVO8rGE3rvouI/getUpdates "HTTP/1.1 200 OK"
2025-05-19 20:38:36,378 - httpx - INFO - HTTP Request: POST https://api.telegram.org/bot7667262262:AAFYkfcdd8OZQskNYQPJ9KbVO8rGE3rvouI/getUpdates "HTTP/1.1 200 OK"
2025-05-19 20:38:46,824 - httpx - INFO - HTTP Request: POST https://api.telegram.org/bot7667262262:AAFYkfcdd8OZQskNYQPJ9KbVO8rGE3rvouI/getUpdates "HTTP/1.1 200 OK"
2025-05-19 20:38:57,088 - httpx - INFO - HTTP Request: POST https://api.telegram.org/bot7667262262:AAFYkfcdd8OZQskNYQPJ9KbVO8rGE3rvouI/getUpdates "HTTP/1.1 200 OK"
2025-05-19 20:39:07,541 - httpx - INFO - HTTP Request: POST https://api.telegram.org/bot7667262262:AAFYkfcdd8OZQskNYQPJ9KbVO8rGE3rvouI/getUpdates "HTTP/1.1 200 OK"
2025-05-19 20:39:17,994 - httpx - INFO - HTTP Request: POST https://api.telegram.org/bot7667262262:AAFYkfcdd8OZQskNYQPJ9KbVO8rGE3rvouI/getUpdates "HTTP/1.1 200 OK"
2025-05-19 20:39:28,254 - httpx - INFO - HTTP Request: POST https://api.telegram.org/bot7667262262:AAFYkfcdd8OZQskNYQPJ9KbVO8rGE3rvouI/getUpdates "HTTP/1.1 200 OK"
2025-05-19 20:39:38,715 - httpx - INFO - HTTP Request: POST https://api.telegram.org/bot7667262262:AAFYkfcdd8OZQskNYQPJ9KbVO8rGE3rvouI/getUpdates "HTTP/1.1 200 OK"
2025-05-19 20:39:49,170 - httpx - INFO - HTTP Request: POST https://api.telegram.org/bot7667262262:AAFYkfcdd8OZQskNYQPJ9KbVO8rGE3rvouI/getUpdates "HTTP/1.1 200 OK"
2025-05-19 20:39:59,627 - httpx - INFO - HTTP Request: POST https://api.telegram.org/bot7667262262:AAFYkfcdd8OZQskNYQPJ9KbVO8rGE3rvouI/getUpdates "HTTP/1.1 200 OK"
2025-05-19 20:40:09,897 - httpx - INFO - HTTP Request: POST https://api.telegram.org/bot7667262262:AAFYkfcdd8OZQskNYQPJ9KbVO8rGE3rvouI/getUpdates "HTTP/1.1 200 OK"
2025-05-19 20:40:20,154 - httpx - INFO - HTTP Request: POST https://api.telegram.org/bot7667262262:AAFYkfcdd8OZQskNYQPJ9KbVO8rGE3rvouI/getUpdates "HTTP/1.1 200 OK"
2025-05-19 20:40:30,659 - httpx - INFO - HTTP Request: POST https://api.telegram.org/bot7667262262:AAFYkfcdd8OZQskNYQPJ9KbVO8rGE3rvouI/getUpdates "HTTP/1.1 200 OK"
2025-05-19 20:40:40,934 - httpx - INFO - HTTP Request: POST https://api.telegram.org/bot7667262262:AAFYkfcdd8OZQskNYQPJ9KbVO8rGE3rvouI/getUpdates "HTTP/1.1 200 OK"
2025-05-19 20:40:51,192 - httpx - INFO - HTTP Request: POST https://api.telegram.org/bot7667262262:AAFYkfcdd8OZQskNYQPJ9KbVO8rGE3rvouI/getUpdates "HTTP/1.1 200 OK"
2025-05-19 20:41:01,462 - httpx - INFO - HTTP Request: POST https://api.telegram.org/bot7667262262:AAFYkfcdd8OZQskNYQPJ9KbVO8rGE3rvouI/getUpdates "HTTP/1.1 200 OK"
2025-05-19 20:41:11,727 - httpx - INFO - HTTP Request: POST https://api.telegram.org/bot7667262262:AAFYkfcdd8OZQskNYQPJ9KbVO8rGE3rvouI/getUpdates "HTTP/1.1 200 OK"
2025-05-19 20:41:22,188 - httpx - INFO - HTTP Request: POST https://api.telegram.org/bot7667262262:AAFYkfcdd8OZQskNYQPJ9KbVO8rGE3rvouI/getUpdates "HTTP/1.1 200 OK"
2025-05-19 20:41:32,659 - httpx - INFO - HTTP Request: POST https://api.telegram.org/bot7667262262:AAFYkfcdd8OZQskNYQPJ9KbVO8rGE3rvouI/getUpdates "HTTP/1.1 200 OK"
2025-05-19 20:41:43,166 - httpx - INFO - HTTP Request: POST https://api.telegram.org/bot7667262262:AAFYkfcdd8OZQskNYQPJ9KbVO8rGE3rvouI/getUpdates "HTTP/1.1 200 OK"
2025-05-19 20:41:53,455 - httpx - INFO - HTTP Request: POST https://api.telegram.org/bot7667262262:AAFYkfcdd8OZQskNYQPJ9KbVO8rGE3rvouI/getUpdates "HTTP/1.1 200 OK"
2025-05-19 20:42:03,705 - httpx - INFO - HTTP Request: POST https://api.telegram.org/bot7667262262:AAFYkfcdd8OZQskNYQPJ9KbVO8rGE3rvouI/getUpdates "HTTP/1.1 200 OK"
2025-05-19 20:42:14,167 - httpx - INFO - HTTP Request: POST https://api.telegram.org/bot7667262262:AAFYkfcdd8OZQskNYQPJ9KbVO8rGE3rvouI/getUpdates "HTTP/1.1 200 OK"
2025-05-19 20:42:24,623 - httpx - INFO - HTTP Request: POST https://api.telegram.org/bot7667262262:AAFYkfcdd8OZQskNYQPJ9KbVO8rGE3rvouI/getUpdates "HTTP/1.1 200 OK"
2025-05-19 20:42:35,086 - httpx - INFO - HTTP Request: POST https://api.telegram.org/bot7667262262:AAFYkfcdd8OZQskNYQPJ9KbVO8rGE3rvouI/getUpdates "HTTP/1.1 200 OK"
2025-05-19 20:42:45,564 - httpx - INFO - HTTP Request: POST https://api.telegram.org/bot7667262262:AAFYkfcdd8OZQskNYQPJ9KbVO8rGE3rvouI/getUpdates "HTTP/1.1 200 OK"
2025-05-19 20:42:56,024 - httpx - INFO - HTTP Request: POST https://api.telegram.org/bot7667262262:AAFYkfcdd8OZQskNYQPJ9KbVO8rGE3rvouI/getUpdates "HTTP/1.1 200 OK"
2025-05-19 20:43:06,291 - httpx - INFO - HTTP Request: POST https://api.telegram.org/bot7667262262:AAFYkfcdd8OZQskNYQPJ9KbVO8rGE3rvouI/getUpdates "HTTP/1.1 200 OK"
2025-05-19 20:43:16,552 - httpx - INFO - HTTP Request: POST https://api.telegram.org/bot7667262262:AAFYkfcdd8OZQskNYQPJ9KbVO8rGE3rvouI/getUpdates "HTTP/1.1 200 OK"
2025-05-19 20:43:26,841 - httpx - INFO - HTTP Request: POST https://api.telegram.org/bot7667262262:AAFYkfcdd8OZQskNYQPJ9KbVO8rGE3rvouI/getUpdates "HTTP/1.1 200 OK"
2025-05-19 20:43:37,140 - httpx - INFO - HTTP Request: POST https://api.telegram.org/bot7667262262:AAFYkfcdd8OZQskNYQPJ9KbVO8rGE3rvouI/getUpdates "HTTP/1.1 200 OK"
2025-05-19 20:43:47,439 - httpx - INFO - HTTP Request: POST https://api.telegram.org/bot7667262262:AAFYkfcdd8OZQskNYQPJ9KbVO8rGE3rvouI/getUpdates "HTTP/1.1 200 OK"
2025-05-19 20:43:57,694 - httpx - INFO - HTTP Request: POST https://api.telegram.org/bot7667262262:AAFYkfcdd8OZQskNYQPJ9KbVO8rGE3rvouI/getUpdates "HTTP/1.1 200 OK"
2025-05-19 20:44:07,949 - httpx - INFO - HTTP Request: POST https://api.telegram.org/bot7667262262:AAFYkfcdd8OZQskNYQPJ9KbVO8rGE3rvouI/getUpdates "HTTP/1.1 200 OK"
2025-05-19 20:44:18,214 - httpx - INFO - HTTP Request: POST https://api.telegram.org/bot7667262262:AAFYkfcdd8OZQskNYQPJ9KbVO8rGE3rvouI/getUpdates "HTTP/1.1 200 OK"
2025-05-19 20:44:28,475 - httpx - INFO - HTTP Request: POST https://api.telegram.org/bot7667262262:AAFYkfcdd8OZQskNYQPJ9KbVO8rGE3rvouI/getUpdates "HTTP/1.1 200 OK"
2025-05-19 20:44:38,740 - httpx - INFO - HTTP Request: POST https://api.telegram.org/bot7667262262:AAFYkfcdd8OZQskNYQPJ9KbVO8rGE3rvouI/getUpdates "HTTP/1.1 200 OK"
2025-05-19 20:44:48,994 - httpx - INFO - HTTP Request: POST https://api.telegram.org/bot7667262262:AAFYkfcdd8OZQskNYQPJ9KbVO8rGE3rvouI/getUpdates "HTTP/1.1 200 OK"
2025-05-19 20:44:59,457 - httpx - INFO - HTTP Request: POST https://api.telegram.org/bot7667262262:AAFYkfcdd8OZQskNYQPJ9KbVO8rGE3rvouI/getUpdates "HTTP/1.1 200 OK"
2025-05-19 20:45:09,898 - httpx - INFO - HTTP Request: POST https://api.telegram.org/bot7667262262:AAFYkfcdd8OZQskNYQPJ9KbVO8rGE3rvouI/getUpdates "HTTP/1.1 200 OK"
2025-05-19 20:45:24,719 - httpx - INFO - HTTP Request: POST https://api.telegram.org/bot7667262262:AAFYkfcdd8OZQskNYQPJ9KbVO8rGE3rvouI/getUpdates "HTTP/1.1 200 OK"
2025-05-19 20:45:34,977 - httpx - INFO - HTTP Request: POST https://api.telegram.org/bot7667262262:AAFYkfcdd8OZQskNYQPJ9KbVO8rGE3rvouI/getUpdates "HTTP/1.1 200 OK"
2025-05-19 20:45:45,439 - httpx - INFO - HTTP Request: POST https://api.telegram.org/bot7667262262:AAFYkfcdd8OZQskNYQPJ9KbVO8rGE3rvouI/getUpdates "HTTP/1.1 200 OK"
2025-05-19 20:45:55,912 - httpx - INFO - HTTP Request: POST https://api.telegram.org/bot7667262262:AAFYkfcdd8OZQskNYQPJ9KbVO8rGE3rvouI/getUpdates "HTTP/1.1 200 OK"
2025-05-19 20:46:06,177 - httpx - INFO - HTTP Request: POST https://api.telegram.org/bot7667262262:AAFYkfcdd8OZQskNYQPJ9KbVO8rGE3rvouI/getUpdates "HTTP/1.1 200 OK"
2025-05-19 20:46:16,653 - httpx - INFO - HTTP Request: POST https://api.telegram.org/bot7667262262:AAFYkfcdd8OZQskNYQPJ9KbVO8rGE3rvouI/getUpdates "HTTP/1.1 200 OK"
2025-05-19 20:46:27,143 - httpx - INFO - HTTP Request: POST https://api.telegram.org/bot7667262262:AAFYkfcdd8OZQskNYQPJ9KbVO8rGE3rvouI/getUpdates "HTTP/1.1 200 OK"
2025-05-19 20:46:37,436 - httpx - INFO - HTTP Request: POST https://api.telegram.org/bot7667262262:AAFYkfcdd8OZQskNYQPJ9KbVO8rGE3rvouI/getUpdates "HTTP/1.1 200 OK"
2025-05-19 20:46:47,704 - httpx - INFO - HTTP Request: POST https://api.telegram.org/bot7667262262:AAFYkfcdd8OZQskNYQPJ9KbVO8rGE3rvouI/getUpdates "HTTP/1.1 200 OK"
2025-05-19 20:46:57,983 - httpx - INFO - HTTP Request: POST https://api.telegram.org/bot7667262262:AAFYkfcdd8OZQskNYQPJ9KbVO8rGE3rvouI/getUpdates "HTTP/1.1 200 OK"
2025-05-19 20:47:08,270 - httpx - INFO - HTTP Request: POST https://api.telegram.org/bot7667262262:AAFYkfcdd8OZQskNYQPJ9KbVO8rGE3rvouI/getUpdates "HTTP/1.1 200 OK"
2025-05-19 20:47:18,540 - httpx - INFO - HTTP Request: POST https://api.telegram.org/bot7667262262:AAFYkfcdd8OZQskNYQPJ9KbVO8rGE3rvouI/getUpdates "HTTP/1.1 200 OK"
2025-05-19 20:47:29,006 - httpx - INFO - HTTP Request: POST https://api.telegram.org/bot7667262262:AAFYkfcdd8OZQskNYQPJ9KbVO8rGE3rvouI/getUpdates "HTTP/1.1 200 OK"
2025-05-19 20:47:39,254 - httpx - INFO - HTTP Request: POST https://api.telegram.org/bot7667262262:AAFYkfcdd8OZQskNYQPJ9KbVO8rGE3rvouI/getUpdates "HTTP/1.1 200 OK"
2025-05-19 20:47:49,723 - httpx - INFO - HTTP Request: POST https://api.telegram.org/bot7667262262:AAFYkfcdd8OZQskNYQPJ9KbVO8rGE3rvouI/getUpdates "HTTP/1.1 200 OK"
2025-05-19 20:48:00,194 - httpx - INFO - HTTP Request: POST https://api.telegram.org/bot7667262262:AAFYkfcdd8OZQskNYQPJ9KbVO8rGE3rvouI/getUpdates "HTTP/1.1 200 OK"
2025-05-19 20:48:10,682 - httpx - INFO - HTTP Request: POST https://api.telegram.org/bot7667262262:AAFYkfcdd8OZQskNYQPJ9KbVO8rGE3rvouI/getUpdates "HTTP/1.1 200 OK"
2025-05-19 20:48:21,150 - httpx - INFO - HTTP Request: POST https://api.telegram.org/bot7667262262:AAFYkfcdd8OZQskNYQPJ9KbVO8rGE3rvouI/getUpdates "HTTP/1.1 200 OK"
2025-05-19 20:48:31,414 - httpx - INFO - HTTP Request: POST https://api.telegram.org/bot7667262262:AAFYkfcdd8OZQskNYQPJ9KbVO8rGE3rvouI/getUpdates "HTTP/1.1 200 OK"
2025-05-19 20:48:42,640 - httpx - INFO - HTTP Request: POST https://api.telegram.org/bot7667262262:AAFYkfcdd8OZQskNYQPJ9KbVO8rGE3rvouI/getUpdates "HTTP/1.1 200 OK"
2025-05-19 20:48:52,893 - httpx - INFO - HTTP Request: POST https://api.telegram.org/bot7667262262:AAFYkfcdd8OZQskNYQPJ9KbVO8rGE3rvouI/getUpdates "HTTP/1.1 200 OK"
2025-05-19 20:49:03,145 - httpx - INFO - HTTP Request: POST https://api.telegram.org/bot7667262262:AAFYkfcdd8OZQskNYQPJ9KbVO8rGE3rvouI/getUpdates "HTTP/1.1 200 OK"
2025-05-19 20:49:13,383 - httpx - INFO - HTTP Request: POST https://api.telegram.org/bot7667262262:AAFYkfcdd8OZQskNYQPJ9KbVO8rGE3rvouI/getUpdates "HTTP/1.1 200 OK"
2025-05-19 20:49:23,631 - httpx - INFO - HTTP Request: POST https://api.telegram.org/bot7667262262:AAFYkfcdd8OZQskNYQPJ9KbVO8rGE3rvouI/getUpdates "HTTP/1.1 200 OK"
2025-05-19 20:49:33,905 - httpx - INFO - HTTP Request: POST https://api.telegram.org/bot7667262262:AAFYkfcdd8OZQskNYQPJ9KbVO8rGE3rvouI/getUpdates "HTTP/1.1 200 OK"
2025-05-19 20:49:44,181 - httpx - INFO - HTTP Request: POST https://api.telegram.org/bot7667262262:AAFYkfcdd8OZQskNYQPJ9KbVO8rGE3rvouI/getUpdates "HTTP/1.1 200 OK"
2025-05-19 20:49:54,471 - httpx - INFO - HTTP Request: POST https://api.telegram.org/bot7667262262:AAFYkfcdd8OZQskNYQPJ9KbVO8rGE3rvouI/getUpdates "HTTP/1.1 200 OK"
2025-05-19 20:50:04,910 - httpx - INFO - HTTP Request: POST https://api.telegram.org/bot7667262262:AAFYkfcdd8OZQskNYQPJ9KbVO8rGE3rvouI/getUpdates "HTTP/1.1 200 OK"
2025-05-19 20:50:15,386 - httpx - INFO - HTTP Request: POST https://api.telegram.org/bot7667262262:AAFYkfcdd8OZQskNYQPJ9KbVO8rGE3rvouI/getUpdates "HTTP/1.1 200 OK"
2025-05-19 20:50:25,829 - httpx - INFO - HTTP Request: POST https://api.telegram.org/bot7667262262:AAFYkfcdd8OZQskNYQPJ9KbVO8rGE3rvouI/getUpdates "HTTP/1.1 200 OK"
2025-05-19 20:50:36,267 - httpx - INFO - HTTP Request: POST https://api.telegram.org/bot7667262262:AAFYkfcdd8OZQskNYQPJ9KbVO8rGE3rvouI/getUpdates "HTTP/1.1 200 OK"
2025-05-19 20:50:46,507 - httpx - INFO - HTTP Request: POST https://api.telegram.org/bot7667262262:AAFYkfcdd8OZQskNYQPJ9KbVO8rGE3rvouI/getUpdates "HTTP/1.1 200 OK"
2025-05-19 20:50:56,791 - httpx - INFO - HTTP Request: POST https://api.telegram.org/bot7667262262:AAFYkfcdd8OZQskNYQPJ9KbVO8rGE3rvouI/getUpdates "HTTP/1.1 200 OK"
2025-05-19 20:51:07,097 - httpx - INFO - HTTP Request: POST https://api.telegram.org/bot7667262262:AAFYkfcdd8OZQskNYQPJ9KbVO8rGE3rvouI/getUpdates "HTTP/1.1 200 OK"
2025-05-19 20:51:17,551 - httpx - INFO - HTTP Request: POST https://api.telegram.org/bot7667262262:AAFYkfcdd8OZQskNYQPJ9KbVO8rGE3rvouI/getUpdates "HTTP/1.1 200 OK"
2025-05-19 20:51:27,994 - httpx - INFO - HTTP Request: POST https://api.telegram.org/bot7667262262:AAFYkfcdd8OZQskNYQPJ9KbVO8rGE3rvouI/getUpdates "HTTP/1.1 200 OK"
2025-05-19 20:51:38,444 - httpx - INFO - HTTP Request: POST https://api.telegram.org/bot7667262262:AAFYkfcdd8OZQskNYQPJ9KbVO8rGE3rvouI/getUpdates "HTTP/1.1 200 OK"
2025-05-19 20:51:48,712 - httpx - INFO - HTTP Request: POST https://api.telegram.org/bot7667262262:AAFYkfcdd8OZQskNYQPJ9KbVO8rGE3rvouI/getUpdates "HTTP/1.1 200 OK"
2025-05-19 20:51:58,977 - httpx - INFO - HTTP Request: POST https://api.telegram.org/bot7667262262:AAFYkfcdd8OZQskNYQPJ9KbVO8rGE3rvouI/getUpdates "HTTP/1.1 200 OK"
2025-05-19 20:52:09,242 - httpx - INFO - HTTP Request: POST https://api.telegram.org/bot7667262262:AAFYkfcdd8OZQskNYQPJ9KbVO8rGE3rvouI/getUpdates "HTTP/1.1 200 OK"
2025-05-19 20:52:19,698 - httpx - INFO - HTTP Request: POST https://api.telegram.org/bot7667262262:AAFYkfcdd8OZQskNYQPJ9KbVO8rGE3rvouI/getUpdates "HTTP/1.1 200 OK"
2025-05-19 20:52:30,158 - httpx - INFO - HTTP Request: POST https://api.telegram.org/bot7667262262:AAFYkfcdd8OZQskNYQPJ9KbVO8rGE3rvouI/getUpdates "HTTP/1.1 200 OK"
2025-05-19 20:52:40,621 - httpx - INFO - HTTP Request: POST https://api.telegram.org/bot7667262262:AAFYkfcdd8OZQskNYQPJ9KbVO8rGE3rvouI/getUpdates "HTTP/1.1 200 OK"
2025-05-19 20:52:51,055 - httpx - INFO - HTTP Request: POST https://api.telegram.org/bot7667262262:AAFYkfcdd8OZQskNYQPJ9KbVO8rGE3rvouI/getUpdates "HTTP/1.1 200 OK"
2025-05-19 20:53:01,513 - httpx - INFO - HTTP Request: POST https://api.telegram.org/bot7667262262:AAFYkfcdd8OZQskNYQPJ9KbVO8rGE3rvouI/getUpdates "HTTP/1.1 200 OK"
2025-05-19 20:53:11,797 - httpx - INFO - HTTP Request: POST https://api.telegram.org/bot7667262262:AAFYkfcdd8OZQskNYQPJ9KbVO8rGE3rvouI/getUpdates "HTTP/1.1 200 OK"
2025-05-19 20:53:22,244 - httpx - INFO - HTTP Request: POST https://api.telegram.org/bot7667262262:AAFYkfcdd8OZQskNYQPJ9KbVO8rGE3rvouI/getUpdates "HTTP/1.1 200 OK"
2025-05-19 20:53:32,497 - httpx - INFO - HTTP Request: POST https://api.telegram.org/bot7667262262:AAFYkfcdd8OZQskNYQPJ9KbVO8rGE3rvouI/getUpdates "HTTP/1.1 200 OK"
2025-05-19 20:53:42,951 - httpx - INFO - HTTP Request: POST https://api.telegram.org/bot7667262262:AAFYkfcdd8OZQskNYQPJ9KbVO8rGE3rvouI/getUpdates "HTTP/1.1 200 OK"
2025-05-19 20:53:53,395 - httpx - INFO - HTTP Request: POST https://api.telegram.org/bot7667262262:AAFYkfcdd8OZQskNYQPJ9KbVO8rGE3rvouI/getUpdates "HTTP/1.1 200 OK"
2025-05-19 20:54:03,644 - httpx - INFO - HTTP Request: POST https://api.telegram.org/bot7667262262:AAFYkfcdd8OZQskNYQPJ9KbVO8rGE3rvouI/getUpdates "HTTP/1.1 200 OK"
2025-05-19 20:54:14,070 - httpx - INFO - HTTP Request: POST https://api.telegram.org/bot7667262262:AAFYkfcdd8OZQskNYQPJ9KbVO8rGE3rvouI/getUpdates "HTTP/1.1 200 OK"
2025-05-19 20:54:24,322 - httpx - INFO - HTTP Request: POST https://api.telegram.org/bot7667262262:AAFYkfcdd8OZQskNYQPJ9KbVO8rGE3rvouI/getUpdates "HTTP/1.1 200 OK"
2025-05-19 20:54:34,781 - httpx - INFO - HTTP Request: POST https://api.telegram.org/bot7667262262:AAFYkfcdd8OZQskNYQPJ9KbVO8rGE3rvouI/getUpdates "HTTP/1.1 200 OK"
2025-05-19 20:54:45,034 - httpx - INFO - HTTP Request: POST https://api.telegram.org/bot7667262262:AAFYkfcdd8OZQskNYQPJ9KbVO8rGE3rvouI/getUpdates "HTTP/1.1 200 OK"
2025-05-19 20:54:55,280 - httpx - INFO - HTTP Request: POST https://api.telegram.org/bot7667262262:AAFYkfcdd8OZQskNYQPJ9KbVO8rGE3rvouI/getUpdates "HTTP/1.1 200 OK"
2025-05-19 20:55:05,723 - httpx - INFO - HTTP Request: POST https://api.telegram.org/bot7667262262:AAFYkfcdd8OZQskNYQPJ9KbVO8rGE3rvouI/getUpdates "HTTP/1.1 200 OK"
2025-05-19 20:55:16,166 - httpx - INFO - HTTP Request: POST https://api.telegram.org/bot7667262262:AAFYkfcdd8OZQskNYQPJ9KbVO8rGE3rvouI/getUpdates "HTTP/1.1 200 OK"
2025-05-19 20:55:26,629 - httpx - INFO - HTTP Request: POST https://api.telegram.org/bot7667262262:AAFYkfcdd8OZQskNYQPJ9KbVO8rGE3rvouI/getUpdates "HTTP/1.1 200 OK"
2025-05-19 20:55:36,896 - httpx - INFO - HTTP Request: POST https://api.telegram.org/bot7667262262:AAFYkfcdd8OZQskNYQPJ9KbVO8rGE3rvouI/getUpdates "HTTP/1.1 200 OK"
2025-05-19 20:55:47,344 - httpx - INFO - HTTP Request: POST https://api.telegram.org/bot7667262262:AAFYkfcdd8OZQskNYQPJ9KbVO8rGE3rvouI/getUpdates "HTTP/1.1 200 OK"
2025-05-19 20:55:57,628 - httpx - INFO - HTTP Request: POST https://api.telegram.org/bot7667262262:AAFYkfcdd8OZQskNYQPJ9KbVO8rGE3rvouI/getUpdates "HTTP/1.1 200 OK"
2025-05-19 20:56:08,083 - httpx - INFO - HTTP Request: POST https://api.telegram.org/bot7667262262:AAFYkfcdd8OZQskNYQPJ9KbVO8rGE3rvouI/getUpdates "HTTP/1.1 200 OK"
2025-05-19 20:56:18,358 - httpx - INFO - HTTP Request: POST https://api.telegram.org/bot7667262262:AAFYkfcdd8OZQskNYQPJ9KbVO8rGE3rvouI/getUpdates "HTTP/1.1 200 OK"
2025-05-19 20:56:28,622 - httpx - INFO - HTTP Request: POST https://api.telegram.org/bot7667262262:AAFYkfcdd8OZQskNYQPJ9KbVO8rGE3rvouI/getUpdates "HTTP/1.1 200 OK"
2025-05-19 20:56:39,096 - httpx - INFO - HTTP Request: POST https://api.telegram.org/bot7667262262:AAFYkfcdd8OZQskNYQPJ9KbVO8rGE3rvouI/getUpdates "HTTP/1.1 200 OK"
2025-05-19 20:56:49,337 - httpx - INFO - HTTP Request: POST https://api.telegram.org/bot7667262262:AAFYkfcdd8OZQskNYQPJ9KbVO8rGE3rvouI/getUpdates "HTTP/1.1 200 OK"
2025-05-19 20:56:59,596 - httpx - INFO - HTTP Request: POST https://api.telegram.org/bot7667262262:AAFYkfcdd8OZQskNYQPJ9KbVO8rGE3rvouI/getUpdates "HTTP/1.1 200 OK"
2025-05-19 20:57:09,878 - httpx - INFO - HTTP Request: POST https://api.telegram.org/bot7667262262:AAFYkfcdd8OZQskNYQPJ9KbVO8rGE3rvouI/getUpdates "HTTP/1.1 200 OK"
2025-05-19 20:57:20,339 - httpx - INFO - HTTP Request: POST https://api.telegram.org/bot7667262262:AAFYkfcdd8OZQskNYQPJ9KbVO8rGE3rvouI/getUpdates "HTTP/1.1 200 OK"
2025-05-19 20:57:30,582 - httpx - INFO - HTTP Request: POST https://api.telegram.org/bot7667262262:AAFYkfcdd8OZQskNYQPJ9KbVO8rGE3rvouI/getUpdates "HTTP/1.1 200 OK"
2025-05-19 20:57:41,020 - httpx - INFO - HTTP Request: POST https://api.telegram.org/bot7667262262:AAFYkfcdd8OZQskNYQPJ9KbVO8rGE3rvouI/getUpdates "HTTP/1.1 200 OK"
2025-05-19 20:57:51,293 - httpx - INFO - HTTP Request: POST https://api.telegram.org/bot7667262262:AAFYkfcdd8OZQskNYQPJ9KbVO8rGE3rvouI/getUpdates "HTTP/1.1 200 OK"
2025-05-19 20:58:01,744 - httpx - INFO - HTTP Request: POST https://api.telegram.org/bot7667262262:AAFYkfcdd8OZQskNYQPJ9KbVO8rGE3rvouI/getUpdates "HTTP/1.1 200 OK"
2025-05-19 20:58:12,194 - httpx - INFO - HTTP Request: POST https://api.telegram.org/bot7667262262:AAFYkfcdd8OZQskNYQPJ9KbVO8rGE3rvouI/getUpdates "HTTP/1.1 200 OK"
2025-05-19 20:58:22,643 - httpx - INFO - HTTP Request: POST https://api.telegram.org/bot7667262262:AAFYkfcdd8OZQskNYQPJ9KbVO8rGE3rvouI/getUpdates "HTTP/1.1 200 OK"
2025-05-19 20:58:33,124 - httpx - INFO - HTTP Request: POST https://api.telegram.org/bot7667262262:AAFYkfcdd8OZQskNYQPJ9KbVO8rGE3rvouI/getUpdates "HTTP/1.1 200 OK"
2025-05-19 20:58:43,570 - httpx - INFO - HTTP Request: POST https://api.telegram.org/bot7667262262:AAFYkfcdd8OZQskNYQPJ9KbVO8rGE3rvouI/getUpdates "HTTP/1.1 200 OK"
2025-05-19 20:58:54,018 - httpx - INFO - HTTP Request: POST https://api.telegram.org/bot7667262262:AAFYkfcdd8OZQskNYQPJ9KbVO8rGE3rvouI/getUpdates "HTTP/1.1 200 OK"
2025-05-19 20:59:04,495 - httpx - INFO - HTTP Request: POST https://api.telegram.org/bot7667262262:AAFYkfcdd8OZQskNYQPJ9KbVO8rGE3rvouI/getUpdates "HTTP/1.1 200 OK"
2025-05-19 20:59:14,822 - httpx - INFO - HTTP Request: POST https://api.telegram.org/bot7667262262:AAFYkfcdd8OZQskNYQPJ9KbVO8rGE3rvouI/getUpdates "HTTP/1.1 200 OK"
2025-05-19 20:59:25,277 - httpx - INFO - HTTP Request: POST https://api.telegram.org/bot7667262262:AAFYkfcdd8OZQskNYQPJ9KbVO8rGE3rvouI/getUpdates "HTTP/1.1 200 OK"
2025-05-19 20:59:35,541 - httpx - INFO - HTTP Request: POST https://api.telegram.org/bot7667262262:AAFYkfcdd8OZQskNYQPJ9KbVO8rGE3rvouI/getUpdates "HTTP/1.1 200 OK"
2025-05-19 20:59:45,993 - httpx - INFO - HTTP Request: POST https://api.telegram.org/bot7667262262:AAFYkfcdd8OZQskNYQPJ9KbVO8rGE3rvouI/getUpdates "HTTP/1.1 200 OK"
2025-05-19 20:59:56,263 - httpx - INFO - HTTP Request: POST https://api.telegram.org/bot7667262262:AAFYkfcdd8OZQskNYQPJ9KbVO8rGE3rvouI/getUpdates "HTTP/1.1 200 OK"
2025-05-19 21:00:06,572 - httpx - INFO - HTTP Request: POST https://api.telegram.org/bot7667262262:AAFYkfcdd8OZQskNYQPJ9KbVO8rGE3rvouI/getUpdates "HTTP/1.1 200 OK"
2025-05-19 21:00:16,830 - httpx - INFO - HTTP Request: POST https://api.telegram.org/bot7667262262:AAFYkfcdd8OZQskNYQPJ9KbVO8rGE3rvouI/getUpdates "HTTP/1.1 200 OK"
2025-05-19 21:00:27,262 - httpx - INFO - HTTP Request: POST https://api.telegram.org/bot7667262262:AAFYkfcdd8OZQskNYQPJ9KbVO8rGE3rvouI/getUpdates "HTTP/1.1 200 OK"
2025-05-19 21:00:37,559 - httpx - INFO - HTTP Request: POST https://api.telegram.org/bot7667262262:AAFYkfcdd8OZQskNYQPJ9KbVO8rGE3rvouI/getUpdates "HTTP/1.1 200 OK"
2025-05-19 21:00:47,842 - httpx - INFO - HTTP Request: POST https://api.telegram.org/bot7667262262:AAFYkfcdd8OZQskNYQPJ9KbVO8rGE3rvouI/getUpdates "HTTP/1.1 200 OK"
2025-05-19 21:00:58,289 - httpx - INFO - HTTP Request: POST https://api.telegram.org/bot7667262262:AAFYkfcdd8OZQskNYQPJ9KbVO8rGE3rvouI/getUpdates "HTTP/1.1 200 OK"
2025-05-19 21:01:08,745 - httpx - INFO - HTTP Request: POST https://api.telegram.org/bot7667262262:AAFYkfcdd8OZQskNYQPJ9KbVO8rGE3rvouI/getUpdates "HTTP/1.1 200 OK"
2025-05-19 21:01:18,997 - httpx - INFO - HTTP Request: POST https://api.telegram.org/bot7667262262:AAFYkfcdd8OZQskNYQPJ9KbVO8rGE3rvouI/getUpdates "HTTP/1.1 200 OK"
2025-05-19 21:01:29,434 - httpx - INFO - HTTP Request: POST https://api.telegram.org/bot7667262262:AAFYkfcdd8OZQskNYQPJ9KbVO8rGE3rvouI/getUpdates "HTTP/1.1 200 OK"
2025-05-19 21:01:39,869 - httpx - INFO - HTTP Request: POST https://api.telegram.org/bot7667262262:AAFYkfcdd8OZQskNYQPJ9KbVO8rGE3rvouI/getUpdates "HTTP/1.1 200 OK"
2025-05-19 21:01:50,132 - httpx - INFO - HTTP Request: POST https://api.telegram.org/bot7667262262:AAFYkfcdd8OZQskNYQPJ9KbVO8rGE3rvouI/getUpdates "HTTP/1.1 200 OK"
2025-05-19 21:02:00,583 - httpx - INFO - HTTP Request: POST https://api.telegram.org/bot7667262262:AAFYkfcdd8OZQskNYQPJ9KbVO8rGE3rvouI/getUpdates "HTTP/1.1 200 OK"
2025-05-19 21:02:10,867 - httpx - INFO - HTTP Request: POST https://api.telegram.org/bot7667262262:AAFYkfcdd8OZQskNYQPJ9KbVO8rGE3rvouI/getUpdates "HTTP/1.1 200 OK"
2025-05-19 21:02:21,322 - httpx - INFO - HTTP Request: POST https://api.telegram.org/bot7667262262:AAFYkfcdd8OZQskNYQPJ9KbVO8rGE3rvouI/getUpdates "HTTP/1.1 200 OK"
2025-05-19 21:02:31,568 - httpx - INFO - HTTP Request: POST https://api.telegram.org/bot7667262262:AAFYkfcdd8OZQskNYQPJ9KbVO8rGE3rvouI/getUpdates "HTTP/1.1 200 OK"
2025-05-19 21:02:41,835 - httpx - INFO - HTTP Request: POST https://api.telegram.org/bot7667262262:AAFYkfcdd8OZQskNYQPJ9KbVO8rGE3rvouI/getUpdates "HTTP/1.1 200 OK"
2025-05-19 21:02:52,285 - httpx - INFO - HTTP Request: POST https://api.telegram.org/bot7667262262:AAFYkfcdd8OZQskNYQPJ9KbVO8rGE3rvouI/getUpdates "HTTP/1.1 200 OK"
2025-05-19 21:03:02,748 - httpx - INFO - HTTP Request: POST https://api.telegram.org/bot7667262262:AAFYkfcdd8OZQskNYQPJ9KbVO8rGE3rvouI/getUpdates "HTTP/1.1 200 OK"
2025-05-19 21:03:13,207 - httpx - INFO - HTTP Request: POST https://api.telegram.org/bot7667262262:AAFYkfcdd8OZQskNYQPJ9KbVO8rGE3rvouI/getUpdates "HTTP/1.1 200 OK"
2025-05-19 21:03:23,663 - httpx - INFO - HTTP Request: POST https://api.telegram.org/bot7667262262:AAFYkfcdd8OZQskNYQPJ9KbVO8rGE3rvouI/getUpdates "HTTP/1.1 200 OK"
2025-05-19 21:03:33,927 - httpx - INFO - HTTP Request: POST https://api.telegram.org/bot7667262262:AAFYkfcdd8OZQskNYQPJ9KbVO8rGE3rvouI/getUpdates "HTTP/1.1 200 OK"
2025-05-19 21:03:44,206 - httpx - INFO - HTTP Request: POST https://api.telegram.org/bot7667262262:AAFYkfcdd8OZQskNYQPJ9KbVO8rGE3rvouI/getUpdates "HTTP/1.1 200 OK"
2025-05-19 21:03:54,486 - httpx - INFO - HTTP Request: POST https://api.telegram.org/bot7667262262:AAFYkfcdd8OZQskNYQPJ9KbVO8rGE3rvouI/getUpdates "HTTP/1.1 200 OK"
2025-05-19 21:04:04,927 - httpx - INFO - HTTP Request: POST https://api.telegram.org/bot7667262262:AAFYkfcdd8OZQskNYQPJ9KbVO8rGE3rvouI/getUpdates "HTTP/1.1 200 OK"
2025-05-19 21:04:15,353 - httpx - INFO - HTTP Request: POST https://api.telegram.org/bot7667262262:AAFYkfcdd8OZQskNYQPJ9KbVO8rGE3rvouI/getUpdates "HTTP/1.1 200 OK"
2025-05-19 21:04:25,809 - httpx - INFO - HTTP Request: POST https://api.telegram.org/bot7667262262:AAFYkfcdd8OZQskNYQPJ9KbVO8rGE3rvouI/getUpdates "HTTP/1.1 200 OK"
2025-05-19 21:04:36,281 - httpx - INFO - HTTP Request: POST https://api.telegram.org/bot7667262262:AAFYkfcdd8OZQskNYQPJ9KbVO8rGE3rvouI/getUpdates "HTTP/1.1 200 OK"
2025-05-19 21:04:46,738 - httpx - INFO - HTTP Request: POST https://api.telegram.org/bot7667262262:AAFYkfcdd8OZQskNYQPJ9KbVO8rGE3rvouI/getUpdates "HTTP/1.1 200 OK"
2025-05-19 21:04:56,987 - httpx - INFO - HTTP Request: POST https://api.telegram.org/bot7667262262:AAFYkfcdd8OZQskNYQPJ9KbVO8rGE3rvouI/getUpdates "HTTP/1.1 200 OK"
2025-05-19 21:05:07,249 - httpx - INFO - HTTP Request: POST https://api.telegram.org/bot7667262262:AAFYkfcdd8OZQskNYQPJ9KbVO8rGE3rvouI/getUpdates "HTTP/1.1 200 OK"
2025-05-19 21:05:17,490 - httpx - INFO - HTTP Request: POST https://api.telegram.org/bot7667262262:AAFYkfcdd8OZQskNYQPJ9KbVO8rGE3rvouI/getUpdates "HTTP/1.1 200 OK"
2025-05-19 21:05:27,962 - httpx - INFO - HTTP Request: POST https://api.telegram.org/bot7667262262:AAFYkfcdd8OZQskNYQPJ9KbVO8rGE3rvouI/getUpdates "HTTP/1.1 200 OK"
2025-05-19 21:05:38,461 - httpx - INFO - HTTP Request: POST https://api.telegram.org/bot7667262262:AAFYkfcdd8OZQskNYQPJ9KbVO8rGE3rvouI/getUpdates "HTTP/1.1 200 OK"
2025-05-19 21:05:48,724 - httpx - INFO - HTTP Request: POST https://api.telegram.org/bot7667262262:AAFYkfcdd8OZQskNYQPJ9KbVO8rGE3rvouI/getUpdates "HTTP/1.1 200 OK"
2025-05-19 21:05:59,872 - httpx - INFO - HTTP Request: POST https://api.telegram.org/bot7667262262:AAFYkfcdd8OZQskNYQPJ9KbVO8rGE3rvouI/getUpdates "HTTP/1.1 200 OK"
2025-05-19 21:06:10,119 - httpx - INFO - HTTP Request: POST https://api.telegram.org/bot7667262262:AAFYkfcdd8OZQskNYQPJ9KbVO8rGE3rvouI/getUpdates "HTTP/1.1 200 OK"
2025-05-19 21:06:20,372 - httpx - INFO - HTTP Request: POST https://api.telegram.org/bot7667262262:AAFYkfcdd8OZQskNYQPJ9KbVO8rGE3rvouI/getUpdates "HTTP/1.1 200 OK"
2025-05-19 21:06:30,604 - httpx - INFO - HTTP Request: POST https://api.telegram.org/bot7667262262:AAFYkfcdd8OZQskNYQPJ9KbVO8rGE3rvouI/getUpdates "HTTP/1.1 200 OK"
2025-05-19 21:06:40,842 - httpx - INFO - HTTP Request: POST https://api.telegram.org/bot7667262262:AAFYkfcdd8OZQskNYQPJ9KbVO8rGE3rvouI/getUpdates "HTTP/1.1 200 OK"
2025-05-19 21:06:51,102 - httpx - INFO - HTTP Request: POST https://api.telegram.org/bot7667262262:AAFYkfcdd8OZQskNYQPJ9KbVO8rGE3rvouI/getUpdates "HTTP/1.1 200 OK"
2025-05-19 21:07:01,363 - httpx - INFO - HTTP Request: POST https://api.telegram.org/bot7667262262:AAFYkfcdd8OZQskNYQPJ9KbVO8rGE3rvouI/getUpdates "HTTP/1.1 200 OK"
2025-05-19 21:07:11,638 - httpx - INFO - HTTP Request: POST https://api.telegram.org/bot7667262262:AAFYkfcdd8OZQskNYQPJ9KbVO8rGE3rvouI/getUpdates "HTTP/1.1 200 OK"
2025-05-19 21:07:21,883 - httpx - INFO - HTTP Request: POST https://api.telegram.org/bot7667262262:AAFYkfcdd8OZQskNYQPJ9KbVO8rGE3rvouI/getUpdates "HTTP/1.1 200 OK"
2025-05-19 21:07:32,119 - httpx - INFO - HTTP Request: POST https://api.telegram.org/bot7667262262:AAFYkfcdd8OZQskNYQPJ9KbVO8rGE3rvouI/getUpdates "HTTP/1.1 200 OK"
2025-05-19 21:07:42,348 - httpx - INFO - HTTP Request: POST https://api.telegram.org/bot7667262262:AAFYkfcdd8OZQskNYQPJ9KbVO8rGE3rvouI/getUpdates "HTTP/1.1 200 OK"
2025-05-19 21:07:52,574 - httpx - INFO - HTTP Request: POST https://api.telegram.org/bot7667262262:AAFYkfcdd8OZQskNYQPJ9KbVO8rGE3rvouI/getUpdates "HTTP/1.1 200 OK"
2025-05-19 21:08:02,798 - httpx - INFO - HTTP Request: POST https://api.telegram.org/bot7667262262:AAFYkfcdd8OZQskNYQPJ9KbVO8rGE3rvouI/getUpdates "HTTP/1.1 200 OK"
2025-05-19 21:08:13,040 - httpx - INFO - HTTP Request: POST https://api.telegram.org/bot7667262262:AAFYkfcdd8OZQskNYQPJ9KbVO8rGE3rvouI/getUpdates "HTTP/1.1 200 OK"
2025-05-19 21:08:23,460 - httpx - INFO - HTTP Request: POST https://api.telegram.org/bot7667262262:AAFYkfcdd8OZQskNYQPJ9KbVO8rGE3rvouI/getUpdates "HTTP/1.1 200 OK"
2025-05-19 21:08:33,704 - httpx - INFO - HTTP Request: POST https://api.telegram.org/bot7667262262:AAFYkfcdd8OZQskNYQPJ9KbVO8rGE3rvouI/getUpdates "HTTP/1.1 200 OK"
2025-05-19 21:08:43,955 - httpx - INFO - HTTP Request: POST https://api.telegram.org/bot7667262262:AAFYkfcdd8OZQskNYQPJ9KbVO8rGE3rvouI/getUpdates "HTTP/1.1 200 OK"
2025-05-19 21:08:54,220 - httpx - INFO - HTTP Request: POST https://api.telegram.org/bot7667262262:AAFYkfcdd8OZQskNYQPJ9KbVO8rGE3rvouI/getUpdates "HTTP/1.1 200 OK"
2025-05-19 21:09:04,497 - httpx - INFO - HTTP Request: POST https://api.telegram.org/bot7667262262:AAFYkfcdd8OZQskNYQPJ9KbVO8rGE3rvouI/getUpdates "HTTP/1.1 200 OK"
2025-05-19 21:09:14,908 - httpx - INFO - HTTP Request: POST https://api.telegram.org/bot7667262262:AAFYkfcdd8OZQskNYQPJ9KbVO8rGE3rvouI/getUpdates "HTTP/1.1 200 OK"
2025-05-19 21:09:25,296 - httpx - INFO - HTTP Request: POST https://api.telegram.org/bot7667262262:AAFYkfcdd8OZQskNYQPJ9KbVO8rGE3rvouI/getUpdates "HTTP/1.1 200 OK"
2025-05-19 21:09:35,745 - httpx - INFO - HTTP Request: POST https://api.telegram.org/bot7667262262:AAFYkfcdd8OZQskNYQPJ9KbVO8rGE3rvouI/getUpdates "HTTP/1.1 200 OK"
2025-05-19 21:09:46,171 - httpx - INFO - HTTP Request: POST https://api.telegram.org/bot7667262262:AAFYkfcdd8OZQskNYQPJ9KbVO8rGE3rvouI/getUpdates "HTTP/1.1 200 OK"
2025-05-19 21:09:56,394 - httpx - INFO - HTTP Request: POST https://api.telegram.org/bot7667262262:AAFYkfcdd8OZQskNYQPJ9KbVO8rGE3rvouI/getUpdates "HTTP/1.1 200 OK"
2025-05-19 21:10:06,822 - httpx - INFO - HTTP Request: POST https://api.telegram.org/bot7667262262:AAFYkfcdd8OZQskNYQPJ9KbVO8rGE3rvouI/getUpdates "HTTP/1.1 200 OK"
2025-05-19 21:10:17,063 - httpx - INFO - HTTP Request: POST https://api.telegram.org/bot7667262262:AAFYkfcdd8OZQskNYQPJ9KbVO8rGE3rvouI/getUpdates "HTTP/1.1 200 OK"
2025-05-19 21:10:27,301 - httpx - INFO - HTTP Request: POST https://api.telegram.org/bot7667262262:AAFYkfcdd8OZQskNYQPJ9KbVO8rGE3rvouI/getUpdates "HTTP/1.1 200 OK"
2025-05-19 21:10:37,571 - httpx - INFO - HTTP Request: POST https://api.telegram.org/bot7667262262:AAFYkfcdd8OZQskNYQPJ9KbVO8rGE3rvouI/getUpdates "HTTP/1.1 200 OK"
2025-05-19 21:10:48,031 - httpx - INFO - HTTP Request: POST https://api.telegram.org/bot7667262262:AAFYkfcdd8OZQskNYQPJ9KbVO8rGE3rvouI/getUpdates "HTTP/1.1 200 OK"
2025-05-19 21:10:58,272 - httpx - INFO - HTTP Request: POST https://api.telegram.org/bot7667262262:AAFYkfcdd8OZQskNYQPJ9KbVO8rGE3rvouI/getUpdates "HTTP/1.1 200 OK"
2025-05-19 21:11:08,528 - httpx - INFO - HTTP Request: POST https://api.telegram.org/bot7667262262:AAFYkfcdd8OZQskNYQPJ9KbVO8rGE3rvouI/getUpdates "HTTP/1.1 200 OK"
2025-05-19 21:11:18,947 - httpx - INFO - HTTP Request: POST https://api.telegram.org/bot7667262262:AAFYkfcdd8OZQskNYQPJ9KbVO8rGE3rvouI/getUpdates "HTTP/1.1 200 OK"
2025-05-19 21:11:29,190 - httpx - INFO - HTTP Request: POST https://api.telegram.org/bot7667262262:AAFYkfcdd8OZQskNYQPJ9KbVO8rGE3rvouI/getUpdates "HTTP/1.1 200 OK"
2025-05-19 21:11:39,459 - httpx - INFO - HTTP Request: POST https://api.telegram.org/bot7667262262:AAFYkfcdd8OZQskNYQPJ9KbVO8rGE3rvouI/getUpdates "HTTP/1.1 200 OK"
2025-05-19 21:11:49,869 - httpx - INFO - HTTP Request: POST https://api.telegram.org/bot7667262262:AAFYkfcdd8OZQskNYQPJ9KbVO8rGE3rvouI/getUpdates "HTTP/1.1 200 OK"
2025-05-19 21:12:00,099 - httpx - INFO - HTTP Request: POST https://api.telegram.org/bot7667262262:AAFYkfcdd8OZQskNYQPJ9KbVO8rGE3rvouI/getUpdates "HTTP/1.1 200 OK"
2025-05-19 21:12:10,362 - httpx - INFO - HTTP Request: POST https://api.telegram.org/bot7667262262:AAFYkfcdd8OZQskNYQPJ9KbVO8rGE3rvouI/getUpdates "HTTP/1.1 200 OK"
2025-05-19 21:12:20,596 - httpx - INFO - HTTP Request: POST https://api.telegram.org/bot7667262262:AAFYkfcdd8OZQskNYQPJ9KbVO8rGE3rvouI/getUpdates "HTTP/1.1 200 OK"
2025-05-19 21:12:30,834 - httpx - INFO - HTTP Request: POST https://api.telegram.org/bot7667262262:AAFYkfcdd8OZQskNYQPJ9KbVO8rGE3rvouI/getUpdates "HTTP/1.1 200 OK"
2025-05-19 21:12:41,283 - httpx - INFO - HTTP Request: POST https://api.telegram.org/bot7667262262:AAFYkfcdd8OZQskNYQPJ9KbVO8rGE3rvouI/getUpdates "HTTP/1.1 200 OK"
2025-05-19 21:12:51,519 - httpx - INFO - HTTP Request: POST https://api.telegram.org/bot7667262262:AAFYkfcdd8OZQskNYQPJ9KbVO8rGE3rvouI/getUpdates "HTTP/1.1 200 OK"
2025-05-19 21:13:01,760 - httpx - INFO - HTTP Request: POST https://api.telegram.org/bot7667262262:AAFYkfcdd8OZQskNYQPJ9KbVO8rGE3rvouI/getUpdates "HTTP/1.1 200 OK"
2025-05-19 21:13:12,005 - httpx - INFO - HTTP Request: POST https://api.telegram.org/bot7667262262:AAFYkfcdd8OZQskNYQPJ9KbVO8rGE3rvouI/getUpdates "HTTP/1.1 200 OK"
2025-05-19 21:13:22,243 - httpx - INFO - HTTP Request: POST https://api.telegram.org/bot7667262262:AAFYkfcdd8OZQskNYQPJ9KbVO8rGE3rvouI/getUpdates "HTTP/1.1 200 OK"
2025-05-19 21:13:32,488 - httpx - INFO - HTTP Request: POST https://api.telegram.org/bot7667262262:AAFYkfcdd8OZQskNYQPJ9KbVO8rGE3rvouI/getUpdates "HTTP/1.1 200 OK"
2025-05-19 21:13:42,901 - httpx - INFO - HTTP Request: POST https://api.telegram.org/bot7667262262:AAFYkfcdd8OZQskNYQPJ9KbVO8rGE3rvouI/getUpdates "HTTP/1.1 200 OK"
2025-05-19 21:13:53,132 - httpx - INFO - HTTP Request: POST https://api.telegram.org/bot7667262262:AAFYkfcdd8OZQskNYQPJ9KbVO8rGE3rvouI/getUpdates "HTTP/1.1 200 OK"
2025-05-19 21:14:03,359 - httpx - INFO - HTTP Request: POST https://api.telegram.org/bot7667262262:AAFYkfcdd8OZQskNYQPJ9KbVO8rGE3rvouI/getUpdates "HTTP/1.1 200 OK"
2025-05-19 21:14:13,597 - httpx - INFO - HTTP Request: POST https://api.telegram.org/bot7667262262:AAFYkfcdd8OZQskNYQPJ9KbVO8rGE3rvouI/getUpdates "HTTP/1.1 200 OK"
2025-05-19 21:14:24,007 - httpx - INFO - HTTP Request: POST https://api.telegram.org/bot7667262262:AAFYkfcdd8OZQskNYQPJ9KbVO8rGE3rvouI/getUpdates "HTTP/1.1 200 OK"
2025-05-19 21:14:34,460 - httpx - INFO - HTTP Request: POST https://api.telegram.org/bot7667262262:AAFYkfcdd8OZQskNYQPJ9KbVO8rGE3rvouI/getUpdates "HTTP/1.1 200 OK"
2025-05-19 21:14:44,711 - httpx - INFO - HTTP Request: POST https://api.telegram.org/bot7667262262:AAFYkfcdd8OZQskNYQPJ9KbVO8rGE3rvouI/getUpdates "HTTP/1.1 200 OK"
2025-05-19 21:14:54,941 - httpx - INFO - HTTP Request: POST https://api.telegram.org/bot7667262262:AAFYkfcdd8OZQskNYQPJ9KbVO8rGE3rvouI/getUpdates "HTTP/1.1 200 OK"
2025-05-19 21:15:05,341 - httpx - INFO - HTTP Request: POST https://api.telegram.org/bot7667262262:AAFYkfcdd8OZQskNYQPJ9KbVO8rGE3rvouI/getUpdates "HTTP/1.1 200 OK"
2025-05-19 21:15:15,755 - httpx - INFO - HTTP Request: POST https://api.telegram.org/bot7667262262:AAFYkfcdd8OZQskNYQPJ9KbVO8rGE3rvouI/getUpdates "HTTP/1.1 200 OK"
2025-05-19 21:15:26,186 - httpx - INFO - HTTP Request: POST https://api.telegram.org/bot7667262262:AAFYkfcdd8OZQskNYQPJ9KbVO8rGE3rvouI/getUpdates "HTTP/1.1 200 OK"
2025-05-19 21:15:36,606 - httpx - INFO - HTTP Request: POST https://api.telegram.org/bot7667262262:AAFYkfcdd8OZQskNYQPJ9KbVO8rGE3rvouI/getUpdates "HTTP/1.1 200 OK"
2025-05-19 21:15:46,843 - httpx - INFO - HTTP Request: POST https://api.telegram.org/bot7667262262:AAFYkfcdd8OZQskNYQPJ9KbVO8rGE3rvouI/getUpdates "HTTP/1.1 200 OK"
2025-05-19 21:15:57,271 - httpx - INFO - HTTP Request: POST https://api.telegram.org/bot7667262262:AAFYkfcdd8OZQskNYQPJ9KbVO8rGE3rvouI/getUpdates "HTTP/1.1 200 OK"
2025-05-19 21:16:07,671 - httpx - INFO - HTTP Request: POST https://api.telegram.org/bot7667262262:AAFYkfcdd8OZQskNYQPJ9KbVO8rGE3rvouI/getUpdates "HTTP/1.1 200 OK"
2025-05-19 21:16:17,918 - httpx - INFO - HTTP Request: POST https://api.telegram.org/bot7667262262:AAFYkfcdd8OZQskNYQPJ9KbVO8rGE3rvouI/getUpdates "HTTP/1.1 200 OK"
2025-05-19 21:16:28,320 - httpx - INFO - HTTP Request: POST https://api.telegram.org/bot7667262262:AAFYkfcdd8OZQskNYQPJ9KbVO8rGE3rvouI/getUpdates "HTTP/1.1 200 OK"
2025-05-19 21:16:38,561 - httpx - INFO - HTTP Request: POST https://api.telegram.org/bot7667262262:AAFYkfcdd8OZQskNYQPJ9KbVO8rGE3rvouI/getUpdates "HTTP/1.1 200 OK"
2025-05-19 21:16:48,794 - httpx - INFO - HTTP Request: POST https://api.telegram.org/bot7667262262:AAFYkfcdd8OZQskNYQPJ9KbVO8rGE3rvouI/getUpdates "HTTP/1.1 200 OK"
2025-05-19 21:16:59,052 - httpx - INFO - HTTP Request: POST https://api.telegram.org/bot7667262262:AAFYkfcdd8OZQskNYQPJ9KbVO8rGE3rvouI/getUpdates "HTTP/1.1 200 OK"
2025-05-19 21:17:09,369 - httpx - INFO - HTTP Request: POST https://api.telegram.org/bot7667262262:AAFYkfcdd8OZQskNYQPJ9KbVO8rGE3rvouI/getUpdates "HTTP/1.1 200 OK"
2025-05-19 21:17:19,598 - httpx - INFO - HTTP Request: POST https://api.telegram.org/bot7667262262:AAFYkfcdd8OZQskNYQPJ9KbVO8rGE3rvouI/getUpdates "HTTP/1.1 200 OK"
2025-05-19 21:17:29,841 - httpx - INFO - HTTP Request: POST https://api.telegram.org/bot7667262262:AAFYkfcdd8OZQskNYQPJ9KbVO8rGE3rvouI/getUpdates "HTTP/1.1 200 OK"
2025-05-19 21:17:40,061 - httpx - INFO - HTTP Request: POST https://api.telegram.org/bot7667262262:AAFYkfcdd8OZQskNYQPJ9KbVO8rGE3rvouI/getUpdates "HTTP/1.1 200 OK"
2025-05-19 21:17:50,307 - httpx - INFO - HTTP Request: POST https://api.telegram.org/bot7667262262:AAFYkfcdd8OZQskNYQPJ9KbVO8rGE3rvouI/getUpdates "HTTP/1.1 200 OK"
2025-05-19 21:18:00,537 - httpx - INFO - HTTP Request: POST https://api.telegram.org/bot7667262262:AAFYkfcdd8OZQskNYQPJ9KbVO8rGE3rvouI/getUpdates "HTTP/1.1 200 OK"
2025-05-19 21:18:10,939 - httpx - INFO - HTTP Request: POST https://api.telegram.org/bot7667262262:AAFYkfcdd8OZQskNYQPJ9KbVO8rGE3rvouI/getUpdates "HTTP/1.1 200 OK"
2025-05-19 21:18:21,162 - httpx - INFO - HTTP Request: POST https://api.telegram.org/bot7667262262:AAFYkfcdd8OZQskNYQPJ9KbVO8rGE3rvouI/getUpdates "HTTP/1.1 200 OK"
2025-05-19 21:18:31,409 - httpx - INFO - HTTP Request: POST https://api.telegram.org/bot7667262262:AAFYkfcdd8OZQskNYQPJ9KbVO8rGE3rvouI/getUpdates "HTTP/1.1 200 OK"
2025-05-19 21:18:41,678 - httpx - INFO - HTTP Request: POST https://api.telegram.org/bot7667262262:AAFYkfcdd8OZQskNYQPJ9KbVO8rGE3rvouI/getUpdates "HTTP/1.1 200 OK"
2025-05-19 21:18:51,943 - httpx - INFO - HTTP Request: POST https://api.telegram.org/bot7667262262:AAFYkfcdd8OZQskNYQPJ9KbVO8rGE3rvouI/getUpdates "HTTP/1.1 200 OK"
2025-05-19 21:19:02,172 - httpx - INFO - HTTP Request: POST https://api.telegram.org/bot7667262262:AAFYkfcdd8OZQskNYQPJ9KbVO8rGE3rvouI/getUpdates "HTTP/1.1 200 OK"
2025-05-19 21:19:12,402 - httpx - INFO - HTTP Request: POST https://api.telegram.org/bot7667262262:AAFYkfcdd8OZQskNYQPJ9KbVO8rGE3rvouI/getUpdates "HTTP/1.1 200 OK"
2025-05-19 21:19:22,641 - httpx - INFO - HTTP Request: POST https://api.telegram.org/bot7667262262:AAFYkfcdd8OZQskNYQPJ9KbVO8rGE3rvouI/getUpdates "HTTP/1.1 200 OK"
2025-05-19 21:19:32,876 - httpx - INFO - HTTP Request: POST https://api.telegram.org/bot7667262262:AAFYkfcdd8OZQskNYQPJ9KbVO8rGE3rvouI/getUpdates "HTTP/1.1 200 OK"
2025-05-19 21:19:43,107 - httpx - INFO - HTTP Request: POST https://api.telegram.org/bot7667262262:AAFYkfcdd8OZQskNYQPJ9KbVO8rGE3rvouI/getUpdates "HTTP/1.1 200 OK"
2025-05-19 21:19:53,517 - httpx - INFO - HTTP Request: POST https://api.telegram.org/bot7667262262:AAFYkfcdd8OZQskNYQPJ9KbVO8rGE3rvouI/getUpdates "HTTP/1.1 200 OK"
2025-05-19 21:20:03,826 - httpx - INFO - HTTP Request: POST https://api.telegram.org/bot7667262262:AAFYkfcdd8OZQskNYQPJ9KbVO8rGE3rvouI/getUpdates "HTTP/1.1 200 OK"
2025-05-19 21:20:14,072 - httpx - INFO - HTTP Request: POST https://api.telegram.org/bot7667262262:AAFYkfcdd8OZQskNYQPJ9KbVO8rGE3rvouI/getUpdates "HTTP/1.1 200 OK"
2025-05-19 21:20:24,477 - httpx - INFO - HTTP Request: POST https://api.telegram.org/bot7667262262:AAFYkfcdd8OZQskNYQPJ9KbVO8rGE3rvouI/getUpdates "HTTP/1.1 200 OK"
2025-05-19 21:20:34,915 - httpx - INFO - HTTP Request: POST https://api.telegram.org/bot7667262262:AAFYkfcdd8OZQskNYQPJ9KbVO8rGE3rvouI/getUpdates "HTTP/1.1 200 OK"
2025-05-19 21:20:45,172 - httpx - INFO - HTTP Request: POST https://api.telegram.org/bot7667262262:AAFYkfcdd8OZQskNYQPJ9KbVO8rGE3rvouI/getUpdates "HTTP/1.1 200 OK"
2025-05-19 21:20:55,428 - httpx - INFO - HTTP Request: POST https://api.telegram.org/bot7667262262:AAFYkfcdd8OZQskNYQPJ9KbVO8rGE3rvouI/getUpdates "HTTP/1.1 200 OK"
2025-05-19 21:21:05,856 - httpx - INFO - HTTP Request: POST https://api.telegram.org/bot7667262262:AAFYkfcdd8OZQskNYQPJ9KbVO8rGE3rvouI/getUpdates "HTTP/1.1 200 OK"
2025-05-19 21:21:16,111 - httpx - INFO - HTTP Request: POST https://api.telegram.org/bot7667262262:AAFYkfcdd8OZQskNYQPJ9KbVO8rGE3rvouI/getUpdates "HTTP/1.1 200 OK"
2025-05-19 21:21:26,528 - httpx - INFO - HTTP Request: POST https://api.telegram.org/bot7667262262:AAFYkfcdd8OZQskNYQPJ9KbVO8rGE3rvouI/getUpdates "HTTP/1.1 200 OK"
2025-05-19 21:21:36,774 - httpx - INFO - HTTP Request: POST https://api.telegram.org/bot7667262262:AAFYkfcdd8OZQskNYQPJ9KbVO8rGE3rvouI/getUpdates "HTTP/1.1 200 OK"
2025-05-19 21:21:47,210 - httpx - INFO - HTTP Request: POST https://api.telegram.org/bot7667262262:AAFYkfcdd8OZQskNYQPJ9KbVO8rGE3rvouI/getUpdates "HTTP/1.1 200 OK"
2025-05-19 21:21:57,450 - httpx - INFO - HTTP Request: POST https://api.telegram.org/bot7667262262:AAFYkfcdd8OZQskNYQPJ9KbVO8rGE3rvouI/getUpdates "HTTP/1.1 200 OK"
2025-05-19 21:22:07,713 - httpx - INFO - HTTP Request: POST https://api.telegram.org/bot7667262262:AAFYkfcdd8OZQskNYQPJ9KbVO8rGE3rvouI/getUpdates "HTTP/1.1 200 OK"
2025-05-19 21:22:18,001 - httpx - INFO - HTTP Request: POST https://api.telegram.org/bot7667262262:AAFYkfcdd8OZQskNYQPJ9KbVO8rGE3rvouI/getUpdates "HTTP/1.1 200 OK"
2025-05-19 21:22:28,258 - httpx - INFO - HTTP Request: POST https://api.telegram.org/bot7667262262:AAFYkfcdd8OZQskNYQPJ9KbVO8rGE3rvouI/getUpdates "HTTP/1.1 200 OK"
2025-05-19 21:22:38,506 - httpx - INFO - HTTP Request: POST https://api.telegram.org/bot7667262262:AAFYkfcdd8OZQskNYQPJ9KbVO8rGE3rvouI/getUpdates "HTTP/1.1 200 OK"
2025-05-19 21:22:48,911 - httpx - INFO - HTTP Request: POST https://api.telegram.org/bot7667262262:AAFYkfcdd8OZQskNYQPJ9KbVO8rGE3rvouI/getUpdates "HTTP/1.1 200 OK"
2025-05-19 21:22:59,180 - httpx - INFO - HTTP Request: POST https://api.telegram.org/bot7667262262:AAFYkfcdd8OZQskNYQPJ9KbVO8rGE3rvouI/getUpdates "HTTP/1.1 200 OK"
2025-05-19 21:23:10,274 - httpx - INFO - HTTP Request: POST https://api.telegram.org/bot7667262262:AAFYkfcdd8OZQskNYQPJ9KbVO8rGE3rvouI/getUpdates "HTTP/1.1 200 OK"
2025-05-19 21:23:20,673 - httpx - INFO - HTTP Request: POST https://api.telegram.org/bot7667262262:AAFYkfcdd8OZQskNYQPJ9KbVO8rGE3rvouI/getUpdates "HTTP/1.1 200 OK"
2025-05-19 21:23:30,912 - httpx - INFO - HTTP Request: POST https://api.telegram.org/bot7667262262:AAFYkfcdd8OZQskNYQPJ9KbVO8rGE3rvouI/getUpdates "HTTP/1.1 200 OK"
2025-05-19 21:23:41,147 - httpx - INFO - HTTP Request: POST https://api.telegram.org/bot7667262262:AAFYkfcdd8OZQskNYQPJ9KbVO8rGE3rvouI/getUpdates "HTTP/1.1 200 OK"
2025-05-19 21:23:51,361 - httpx - INFO - HTTP Request: POST https://api.telegram.org/bot7667262262:AAFYkfcdd8OZQskNYQPJ9KbVO8rGE3rvouI/getUpdates "HTTP/1.1 200 OK"
2025-05-19 21:24:01,581 - httpx - INFO - HTTP Request: POST https://api.telegram.org/bot7667262262:AAFYkfcdd8OZQskNYQPJ9KbVO8rGE3rvouI/getUpdates "HTTP/1.1 200 OK"
2025-05-19 21:24:11,811 - httpx - INFO - HTTP Request: POST https://api.telegram.org/bot7667262262:AAFYkfcdd8OZQskNYQPJ9KbVO8rGE3rvouI/getUpdates "HTTP/1.1 200 OK"
2025-05-19 21:24:22,050 - httpx - INFO - HTTP Request: POST https://api.telegram.org/bot7667262262:AAFYkfcdd8OZQskNYQPJ9KbVO8rGE3rvouI/getUpdates "HTTP/1.1 200 OK"
2025-05-19 21:24:32,280 - httpx - INFO - HTTP Request: POST https://api.telegram.org/bot7667262262:AAFYkfcdd8OZQskNYQPJ9KbVO8rGE3rvouI/getUpdates "HTTP/1.1 200 OK"
2025-05-19 21:24:42,514 - httpx - INFO - HTTP Request: POST https://api.telegram.org/bot7667262262:AAFYkfcdd8OZQskNYQPJ9KbVO8rGE3rvouI/getUpdates "HTTP/1.1 200 OK"
2025-05-19 21:24:52,942 - httpx - INFO - HTTP Request: POST https://api.telegram.org/bot7667262262:AAFYkfcdd8OZQskNYQPJ9KbVO8rGE3rvouI/getUpdates "HTTP/1.1 200 OK"
2025-05-19 21:25:03,188 - httpx - INFO - HTTP Request: POST https://api.telegram.org/bot7667262262:AAFYkfcdd8OZQskNYQPJ9KbVO8rGE3rvouI/getUpdates "HTTP/1.1 200 OK"
2025-05-19 21:25:13,431 - httpx - INFO - HTTP Request: POST https://api.telegram.org/bot7667262262:AAFYkfcdd8OZQskNYQPJ9KbVO8rGE3rvouI/getUpdates "HTTP/1.1 200 OK"
2025-05-19 21:25:23,689 - httpx - INFO - HTTP Request: POST https://api.telegram.org/bot7667262262:AAFYkfcdd8OZQskNYQPJ9KbVO8rGE3rvouI/getUpdates "HTTP/1.1 200 OK"
2025-05-19 21:25:34,106 - httpx - INFO - HTTP Request: POST https://api.telegram.org/bot7667262262:AAFYkfcdd8OZQskNYQPJ9KbVO8rGE3rvouI/getUpdates "HTTP/1.1 200 OK"
2025-05-19 21:25:44,355 - httpx - INFO - HTTP Request: POST https://api.telegram.org/bot7667262262:AAFYkfcdd8OZQskNYQPJ9KbVO8rGE3rvouI/getUpdates "HTTP/1.1 200 OK"
2025-05-19 21:25:54,765 - httpx - INFO - HTTP Request: POST https://api.telegram.org/bot7667262262:AAFYkfcdd8OZQskNYQPJ9KbVO8rGE3rvouI/getUpdates "HTTP/1.1 200 OK"
2025-05-19 21:26:05,003 - httpx - INFO - HTTP Request: POST https://api.telegram.org/bot7667262262:AAFYkfcdd8OZQskNYQPJ9KbVO8rGE3rvouI/getUpdates "HTTP/1.1 200 OK"
2025-05-19 21:26:15,411 - httpx - INFO - HTTP Request: POST https://api.telegram.org/bot7667262262:AAFYkfcdd8OZQskNYQPJ9KbVO8rGE3rvouI/getUpdates "HTTP/1.1 200 OK"
2025-05-19 21:26:25,634 - httpx - INFO - HTTP Request: POST https://api.telegram.org/bot7667262262:AAFYkfcdd8OZQskNYQPJ9KbVO8rGE3rvouI/getUpdates "HTTP/1.1 200 OK"
2025-05-19 21:26:35,868 - httpx - INFO - HTTP Request: POST https://api.telegram.org/bot7667262262:AAFYkfcdd8OZQskNYQPJ9KbVO8rGE3rvouI/getUpdates "HTTP/1.1 200 OK"
2025-05-19 21:26:46,266 - httpx - INFO - HTTP Request: POST https://api.telegram.org/bot7667262262:AAFYkfcdd8OZQskNYQPJ9KbVO8rGE3rvouI/getUpdates "HTTP/1.1 200 OK"
2025-05-19 21:26:56,668 - httpx - INFO - HTTP Request: POST https://api.telegram.org/bot7667262262:AAFYkfcdd8OZQskNYQPJ9KbVO8rGE3rvouI/getUpdates "HTTP/1.1 200 OK"
2025-05-19 21:27:06,894 - httpx - INFO - HTTP Request: POST https://api.telegram.org/bot7667262262:AAFYkfcdd8OZQskNYQPJ9KbVO8rGE3rvouI/getUpdates "HTTP/1.1 200 OK"
2025-05-19 21:27:17,145 - httpx - INFO - HTTP Request: POST https://api.telegram.org/bot7667262262:AAFYkfcdd8OZQskNYQPJ9KbVO8rGE3rvouI/getUpdates "HTTP/1.1 200 OK"
2025-05-19 21:27:27,543 - httpx - INFO - HTTP Request: POST https://api.telegram.org/bot7667262262:AAFYkfcdd8OZQskNYQPJ9KbVO8rGE3rvouI/getUpdates "HTTP/1.1 200 OK"
2025-05-19 21:27:37,762 - httpx - INFO - HTTP Request: POST https://api.telegram.org/bot7667262262:AAFYkfcdd8OZQskNYQPJ9KbVO8rGE3rvouI/getUpdates "HTTP/1.1 200 OK"
2025-05-19 21:27:48,167 - httpx - INFO - HTTP Request: POST https://api.telegram.org/bot7667262262:AAFYkfcdd8OZQskNYQPJ9KbVO8rGE3rvouI/getUpdates "HTTP/1.1 200 OK"
2025-05-19 21:27:58,409 - httpx - INFO - HTTP Request: POST https://api.telegram.org/bot7667262262:AAFYkfcdd8OZQskNYQPJ9KbVO8rGE3rvouI/getUpdates "HTTP/1.1 200 OK"
2025-05-19 21:28:08,819 - httpx - INFO - HTTP Request: POST https://api.telegram.org/bot7667262262:AAFYkfcdd8OZQskNYQPJ9KbVO8rGE3rvouI/getUpdates "HTTP/1.1 200 OK"
2025-05-19 21:28:19,032 - httpx - INFO - HTTP Request: POST https://api.telegram.org/bot7667262262:AAFYkfcdd8OZQskNYQPJ9KbVO8rGE3rvouI/getUpdates "HTTP/1.1 200 OK"
2025-05-19 21:28:29,421 - httpx - INFO - HTTP Request: POST https://api.telegram.org/bot7667262262:AAFYkfcdd8OZQskNYQPJ9KbVO8rGE3rvouI/getUpdates "HTTP/1.1 200 OK"
2025-05-19 21:28:39,820 - httpx - INFO - HTTP Request: POST https://api.telegram.org/bot7667262262:AAFYkfcdd8OZQskNYQPJ9KbVO8rGE3rvouI/getUpdates "HTTP/1.1 200 OK"
2025-05-19 21:28:50,051 - httpx - INFO - HTTP Request: POST https://api.telegram.org/bot7667262262:AAFYkfcdd8OZQskNYQPJ9KbVO8rGE3rvouI/getUpdates "HTTP/1.1 200 OK"
2025-05-19 21:29:00,271 - httpx - INFO - HTTP Request: POST https://api.telegram.org/bot7667262262:AAFYkfcdd8OZQskNYQPJ9KbVO8rGE3rvouI/getUpdates "HTTP/1.1 200 OK"
2025-05-19 21:29:10,677 - httpx - INFO - HTTP Request: POST https://api.telegram.org/bot7667262262:AAFYkfcdd8OZQskNYQPJ9KbVO8rGE3rvouI/getUpdates "HTTP/1.1 200 OK"
2025-05-19 21:29:20,896 - httpx - INFO - HTTP Request: POST https://api.telegram.org/bot7667262262:AAFYkfcdd8OZQskNYQPJ9KbVO8rGE3rvouI/getUpdates "HTTP/1.1 200 OK"
2025-05-19 21:29:31,313 - httpx - INFO - HTTP Request: POST https://api.telegram.org/bot7667262262:AAFYkfcdd8OZQskNYQPJ9KbVO8rGE3rvouI/getUpdates "HTTP/1.1 200 OK"
2025-05-19 21:29:41,711 - httpx - INFO - HTTP Request: POST https://api.telegram.org/bot7667262262:AAFYkfcdd8OZQskNYQPJ9KbVO8rGE3rvouI/getUpdates "HTTP/1.1 200 OK"
2025-05-19 21:29:51,958 - httpx - INFO - HTTP Request: POST https://api.telegram.org/bot7667262262:AAFYkfcdd8OZQskNYQPJ9KbVO8rGE3rvouI/getUpdates "HTTP/1.1 200 OK"
2025-05-19 21:30:02,204 - httpx - INFO - HTTP Request: POST https://api.telegram.org/bot7667262262:AAFYkfcdd8OZQskNYQPJ9KbVO8rGE3rvouI/getUpdates "HTTP/1.1 200 OK"
2025-05-19 21:30:12,434 - httpx - INFO - HTTP Request: POST https://api.telegram.org/bot7667262262:AAFYkfcdd8OZQskNYQPJ9KbVO8rGE3rvouI/getUpdates "HTTP/1.1 200 OK"
2025-05-19 21:30:22,670 - httpx - INFO - HTTP Request: POST https://api.telegram.org/bot7667262262:AAFYkfcdd8OZQskNYQPJ9KbVO8rGE3rvouI/getUpdates "HTTP/1.1 200 OK"
2025-05-19 21:30:33,060 - httpx - INFO - HTTP Request: POST https://api.telegram.org/bot7667262262:AAFYkfcdd8OZQskNYQPJ9KbVO8rGE3rvouI/getUpdates "HTTP/1.1 200 OK"
2025-05-19 21:30:43,294 - httpx - INFO - HTTP Request: POST https://api.telegram.org/bot7667262262:AAFYkfcdd8OZQskNYQPJ9KbVO8rGE3rvouI/getUpdates "HTTP/1.1 200 OK"
2025-05-19 21:30:53,693 - httpx - INFO - HTTP Request: POST https://api.telegram.org/bot7667262262:AAFYkfcdd8OZQskNYQPJ9KbVO8rGE3rvouI/getUpdates "HTTP/1.1 200 OK"
2025-05-19 21:31:03,930 - httpx - INFO - HTTP Request: POST https://api.telegram.org/bot7667262262:AAFYkfcdd8OZQskNYQPJ9KbVO8rGE3rvouI/getUpdates "HTTP/1.1 200 OK"
2025-05-19 21:31:14,182 - httpx - INFO - HTTP Request: POST https://api.telegram.org/bot7667262262:AAFYkfcdd8OZQskNYQPJ9KbVO8rGE3rvouI/getUpdates "HTTP/1.1 200 OK"
2025-05-19 21:31:24,419 - httpx - INFO - HTTP Request: POST https://api.telegram.org/bot7667262262:AAFYkfcdd8OZQskNYQPJ9KbVO8rGE3rvouI/getUpdates "HTTP/1.1 200 OK"
2025-05-19 21:31:34,824 - httpx - INFO - HTTP Request: POST https://api.telegram.org/bot7667262262:AAFYkfcdd8OZQskNYQPJ9KbVO8rGE3rvouI/getUpdates "HTTP/1.1 200 OK"
2025-05-19 21:31:45,052 - httpx - INFO - HTTP Request: POST https://api.telegram.org/bot7667262262:AAFYkfcdd8OZQskNYQPJ9KbVO8rGE3rvouI/getUpdates "HTTP/1.1 200 OK"
2025-05-19 21:31:55,473 - httpx - INFO - HTTP Request: POST https://api.telegram.org/bot7667262262:AAFYkfcdd8OZQskNYQPJ9KbVO8rGE3rvouI/getUpdates "HTTP/1.1 200 OK"
2025-05-19 21:32:05,876 - httpx - INFO - HTTP Request: POST https://api.telegram.org/bot7667262262:AAFYkfcdd8OZQskNYQPJ9KbVO8rGE3rvouI/getUpdates "HTTP/1.1 200 OK"
2025-05-19 21:32:16,107 - httpx - INFO - HTTP Request: POST https://api.telegram.org/bot7667262262:AAFYkfcdd8OZQskNYQPJ9KbVO8rGE3rvouI/getUpdates "HTTP/1.1 200 OK"
2025-05-19 21:32:26,349 - httpx - INFO - HTTP Request: POST https://api.telegram.org/bot7667262262:AAFYkfcdd8OZQskNYQPJ9KbVO8rGE3rvouI/getUpdates "HTTP/1.1 200 OK"
2025-05-19 21:32:36,746 - httpx - INFO - HTTP Request: POST https://api.telegram.org/bot7667262262:AAFYkfcdd8OZQskNYQPJ9KbVO8rGE3rvouI/getUpdates "HTTP/1.1 200 OK"
2025-05-19 21:32:47,156 - httpx - INFO - HTTP Request: POST https://api.telegram.org/bot7667262262:AAFYkfcdd8OZQskNYQPJ9KbVO8rGE3rvouI/getUpdates "HTTP/1.1 200 OK"
2025-05-19 21:32:57,569 - httpx - INFO - HTTP Request: POST https://api.telegram.org/bot7667262262:AAFYkfcdd8OZQskNYQPJ9KbVO8rGE3rvouI/getUpdates "HTTP/1.1 200 OK"
2025-05-19 21:33:07,988 - httpx - INFO - HTTP Request: POST https://api.telegram.org/bot7667262262:AAFYkfcdd8OZQskNYQPJ9KbVO8rGE3rvouI/getUpdates "HTTP/1.1 200 OK"
2025-05-19 21:33:18,216 - httpx - INFO - HTTP Request: POST https://api.telegram.org/bot7667262262:AAFYkfcdd8OZQskNYQPJ9KbVO8rGE3rvouI/getUpdates "HTTP/1.1 200 OK"
2025-05-19 21:33:28,616 - httpx - INFO - HTTP Request: POST https://api.telegram.org/bot7667262262:AAFYkfcdd8OZQskNYQPJ9KbVO8rGE3rvouI/getUpdates "HTTP/1.1 200 OK"
2025-05-19 21:33:38,856 - httpx - INFO - HTTP Request: POST https://api.telegram.org/bot7667262262:AAFYkfcdd8OZQskNYQPJ9KbVO8rGE3rvouI/getUpdates "HTTP/1.1 200 OK"
2025-05-19 21:33:49,103 - httpx - INFO - HTTP Request: POST https://api.telegram.org/bot7667262262:AAFYkfcdd8OZQskNYQPJ9KbVO8rGE3rvouI/getUpdates "HTTP/1.1 200 OK"
2025-05-19 21:33:59,498 - httpx - INFO - HTTP Request: POST https://api.telegram.org/bot7667262262:AAFYkfcdd8OZQskNYQPJ9KbVO8rGE3rvouI/getUpdates "HTTP/1.1 200 OK"
2025-05-19 21:34:09,724 - httpx - INFO - HTTP Request: POST https://api.telegram.org/bot7667262262:AAFYkfcdd8OZQskNYQPJ9KbVO8rGE3rvouI/getUpdates "HTTP/1.1 200 OK"
2025-05-19 21:34:20,150 - httpx - INFO - HTTP Request: POST https://api.telegram.org/bot7667262262:AAFYkfcdd8OZQskNYQPJ9KbVO8rGE3rvouI/getUpdates "HTTP/1.1 200 OK"
2025-05-19 21:34:30,575 - httpx - INFO - HTTP Request: POST https://api.telegram.org/bot7667262262:AAFYkfcdd8OZQskNYQPJ9KbVO8rGE3rvouI/getUpdates "HTTP/1.1 200 OK"
2025-05-19 21:34:40,825 - httpx - INFO - HTTP Request: POST https://api.telegram.org/bot7667262262:AAFYkfcdd8OZQskNYQPJ9KbVO8rGE3rvouI/getUpdates "HTTP/1.1 200 OK"
2025-05-19 21:34:51,050 - httpx - INFO - HTTP Request: POST https://api.telegram.org/bot7667262262:AAFYkfcdd8OZQskNYQPJ9KbVO8rGE3rvouI/getUpdates "HTTP/1.1 200 OK"
2025-05-19 21:35:01,284 - httpx - INFO - HTTP Request: POST https://api.telegram.org/bot7667262262:AAFYkfcdd8OZQskNYQPJ9KbVO8rGE3rvouI/getUpdates "HTTP/1.1 200 OK"
2025-05-19 21:35:11,508 - httpx - INFO - HTTP Request: POST https://api.telegram.org/bot7667262262:AAFYkfcdd8OZQskNYQPJ9KbVO8rGE3rvouI/getUpdates "HTTP/1.1 200 OK"
2025-05-19 21:35:21,898 - httpx - INFO - HTTP Request: POST https://api.telegram.org/bot7667262262:AAFYkfcdd8OZQskNYQPJ9KbVO8rGE3rvouI/getUpdates "HTTP/1.1 200 OK"
2025-05-19 21:35:32,134 - httpx - INFO - HTTP Request: POST https://api.telegram.org/bot7667262262:AAFYkfcdd8OZQskNYQPJ9KbVO8rGE3rvouI/getUpdates "HTTP/1.1 200 OK"
2025-05-19 21:35:42,532 - httpx - INFO - HTTP Request: POST https://api.telegram.org/bot7667262262:AAFYkfcdd8OZQskNYQPJ9KbVO8rGE3rvouI/getUpdates "HTTP/1.1 200 OK"
2025-05-19 21:35:52,772 - httpx - INFO - HTTP Request: POST https://api.telegram.org/bot7667262262:AAFYkfcdd8OZQskNYQPJ9KbVO8rGE3rvouI/getUpdates "HTTP/1.1 200 OK"
2025-05-19 21:36:03,200 - httpx - INFO - HTTP Request: POST https://api.telegram.org/bot7667262262:AAFYkfcdd8OZQskNYQPJ9KbVO8rGE3rvouI/getUpdates "HTTP/1.1 200 OK"
2025-05-19 21:36:13,613 - httpx - INFO - HTTP Request: POST https://api.telegram.org/bot7667262262:AAFYkfcdd8OZQskNYQPJ9KbVO8rGE3rvouI/getUpdates "HTTP/1.1 200 OK"
2025-05-19 21:36:23,849 - httpx - INFO - HTTP Request: POST https://api.telegram.org/bot7667262262:AAFYkfcdd8OZQskNYQPJ9KbVO8rGE3rvouI/getUpdates "HTTP/1.1 200 OK"
2025-05-19 21:36:34,250 - httpx - INFO - HTTP Request: POST https://api.telegram.org/bot7667262262:AAFYkfcdd8OZQskNYQPJ9KbVO8rGE3rvouI/getUpdates "HTTP/1.1 200 OK"
2025-05-19 21:36:44,513 - httpx - INFO - HTTP Request: POST https://api.telegram.org/bot7667262262:AAFYkfcdd8OZQskNYQPJ9KbVO8rGE3rvouI/getUpdates "HTTP/1.1 200 OK"
2025-05-19 21:36:54,748 - httpx - INFO - HTTP Request: POST https://api.telegram.org/bot7667262262:AAFYkfcdd8OZQskNYQPJ9KbVO8rGE3rvouI/getUpdates "HTTP/1.1 200 OK"
2025-05-19 21:37:04,988 - httpx - INFO - HTTP Request: POST https://api.telegram.org/bot7667262262:AAFYkfcdd8OZQskNYQPJ9KbVO8rGE3rvouI/getUpdates "HTTP/1.1 200 OK"
2025-05-19 21:37:15,409 - httpx - INFO - HTTP Request: POST https://api.telegram.org/bot7667262262:AAFYkfcdd8OZQskNYQPJ9KbVO8rGE3rvouI/getUpdates "HTTP/1.1 200 OK"
2025-05-19 21:37:25,635 - httpx - INFO - HTTP Request: POST https://api.telegram.org/bot7667262262:AAFYkfcdd8OZQskNYQPJ9KbVO8rGE3rvouI/getUpdates "HTTP/1.1 200 OK"
2025-05-19 21:37:35,861 - httpx - INFO - HTTP Request: POST https://api.telegram.org/bot7667262262:AAFYkfcdd8OZQskNYQPJ9KbVO8rGE3rvouI/getUpdates "HTTP/1.1 200 OK"
2025-05-19 21:37:46,083 - httpx - INFO - HTTP Request: POST https://api.telegram.org/bot7667262262:AAFYkfcdd8OZQskNYQPJ9KbVO8rGE3rvouI/getUpdates "HTTP/1.1 200 OK"
2025-05-19 21:37:56,327 - httpx - INFO - HTTP Request: POST https://api.telegram.org/bot7667262262:AAFYkfcdd8OZQskNYQPJ9KbVO8rGE3rvouI/getUpdates "HTTP/1.1 200 OK"
2025-05-19 21:38:06,564 - httpx - INFO - HTTP Request: POST https://api.telegram.org/bot7667262262:AAFYkfcdd8OZQskNYQPJ9KbVO8rGE3rvouI/getUpdates "HTTP/1.1 200 OK"
2025-05-19 21:38:16,815 - httpx - INFO - HTTP Request: POST https://api.telegram.org/bot7667262262:AAFYkfcdd8OZQskNYQPJ9KbVO8rGE3rvouI/getUpdates "HTTP/1.1 200 OK"
2025-05-19 21:38:27,059 - httpx - INFO - HTTP Request: POST https://api.telegram.org/bot7667262262:AAFYkfcdd8OZQskNYQPJ9KbVO8rGE3rvouI/getUpdates "HTTP/1.1 200 OK"
2025-05-19 21:38:37,296 - httpx - INFO - HTTP Request: POST https://api.telegram.org/bot7667262262:AAFYkfcdd8OZQskNYQPJ9KbVO8rGE3rvouI/getUpdates "HTTP/1.1 200 OK"
2025-05-19 21:38:47,709 - httpx - INFO - HTTP Request: POST https://api.telegram.org/bot7667262262:AAFYkfcdd8OZQskNYQPJ9KbVO8rGE3rvouI/getUpdates "HTTP/1.1 200 OK"
2025-05-19 21:38:57,937 - httpx - INFO - HTTP Request: POST https://api.telegram.org/bot7667262262:AAFYkfcdd8OZQskNYQPJ9KbVO8rGE3rvouI/getUpdates "HTTP/1.1 200 OK"
2025-05-19 21:39:08,177 - httpx - INFO - HTTP Request: POST https://api.telegram.org/bot7667262262:AAFYkfcdd8OZQskNYQPJ9KbVO8rGE3rvouI/getUpdates "HTTP/1.1 200 OK"
2025-05-19 21:39:18,579 - httpx - INFO - HTTP Request: POST https://api.telegram.org/bot7667262262:AAFYkfcdd8OZQskNYQPJ9KbVO8rGE3rvouI/getUpdates "HTTP/1.1 200 OK"
2025-05-19 21:39:28,836 - httpx - INFO - HTTP Request: POST https://api.telegram.org/bot7667262262:AAFYkfcdd8OZQskNYQPJ9KbVO8rGE3rvouI/getUpdates "HTTP/1.1 200 OK"
2025-05-19 21:39:39,080 - httpx - INFO - HTTP Request: POST https://api.telegram.org/bot7667262262:AAFYkfcdd8OZQskNYQPJ9KbVO8rGE3rvouI/getUpdates "HTTP/1.1 200 OK"
2025-05-19 21:39:49,302 - httpx - INFO - HTTP Request: POST https://api.telegram.org/bot7667262262:AAFYkfcdd8OZQskNYQPJ9KbVO8rGE3rvouI/getUpdates "HTTP/1.1 200 OK"
2025-05-19 21:39:59,735 - httpx - INFO - HTTP Request: POST https://api.telegram.org/bot7667262262:AAFYkfcdd8OZQskNYQPJ9KbVO8rGE3rvouI/getUpdates "HTTP/1.1 200 OK"
2025-05-19 21:40:10,151 - httpx - INFO - HTTP Request: POST https://api.telegram.org/bot7667262262:AAFYkfcdd8OZQskNYQPJ9KbVO8rGE3rvouI/getUpdates "HTTP/1.1 200 OK"
2025-05-19 21:40:21,289 - httpx - INFO - HTTP Request: POST https://api.telegram.org/bot7667262262:AAFYkfcdd8OZQskNYQPJ9KbVO8rGE3rvouI/getUpdates "HTTP/1.1 200 OK"
2025-05-19 21:40:31,533 - httpx - INFO - HTTP Request: POST https://api.telegram.org/bot7667262262:AAFYkfcdd8OZQskNYQPJ9KbVO8rGE3rvouI/getUpdates "HTTP/1.1 200 OK"
2025-05-19 21:40:41,782 - httpx - INFO - HTTP Request: POST https://api.telegram.org/bot7667262262:AAFYkfcdd8OZQskNYQPJ9KbVO8rGE3rvouI/getUpdates "HTTP/1.1 200 OK"
2025-05-19 21:40:52,013 - httpx - INFO - HTTP Request: POST https://api.telegram.org/bot7667262262:AAFYkfcdd8OZQskNYQPJ9KbVO8rGE3rvouI/getUpdates "HTTP/1.1 200 OK"
2025-05-19 21:41:02,429 - httpx - INFO - HTTP Request: POST https://api.telegram.org/bot7667262262:AAFYkfcdd8OZQskNYQPJ9KbVO8rGE3rvouI/getUpdates "HTTP/1.1 200 OK"
2025-05-19 21:41:12,866 - httpx - INFO - HTTP Request: POST https://api.telegram.org/bot7667262262:AAFYkfcdd8OZQskNYQPJ9KbVO8rGE3rvouI/getUpdates "HTTP/1.1 200 OK"
2025-05-19 21:41:23,116 - httpx - INFO - HTTP Request: POST https://api.telegram.org/bot7667262262:AAFYkfcdd8OZQskNYQPJ9KbVO8rGE3rvouI/getUpdates "HTTP/1.1 200 OK"
2025-05-19 21:41:33,540 - httpx - INFO - HTTP Request: POST https://api.telegram.org/bot7667262262:AAFYkfcdd8OZQskNYQPJ9KbVO8rGE3rvouI/getUpdates "HTTP/1.1 200 OK"
2025-05-19 21:41:43,788 - httpx - INFO - HTTP Request: POST https://api.telegram.org/bot7667262262:AAFYkfcdd8OZQskNYQPJ9KbVO8rGE3rvouI/getUpdates "HTTP/1.1 200 OK"
2025-05-19 21:41:54,218 - httpx - INFO - HTTP Request: POST https://api.telegram.org/bot7667262262:AAFYkfcdd8OZQskNYQPJ9KbVO8rGE3rvouI/getUpdates "HTTP/1.1 200 OK"
2025-05-19 21:42:04,469 - httpx - INFO - HTTP Request: POST https://api.telegram.org/bot7667262262:AAFYkfcdd8OZQskNYQPJ9KbVO8rGE3rvouI/getUpdates "HTTP/1.1 200 OK"
2025-05-19 21:42:14,756 - httpx - INFO - HTTP Request: POST https://api.telegram.org/bot7667262262:AAFYkfcdd8OZQskNYQPJ9KbVO8rGE3rvouI/getUpdates "HTTP/1.1 200 OK"
2025-05-19 21:42:21,486 - httpx - INFO - HTTP Request: POST https://api.telegram.org/bot7667262262:AAFYkfcdd8OZQskNYQPJ9KbVO8rGE3rvouI/getUpdates "HTTP/1.1 200 OK"
2025-05-19 21:42:21,497 - telegram.ext.Application - INFO - Application is stopping. This might take a moment.
2025-05-19 21:42:21,506 - telegram.ext.Application - INFO - Application.stop() complete
